This file contains any messages produced by compilers while
running configure, to aid debugging if configure makes a mistake.

It was created by pioneers configure 0.12.4, which was
generated by GNU Autoconf 2.63.  Invocation command line was

  $ ./configure --prefix=/home/users6/asjoberg/pioneers

## --------- ##
## Platform. ##
## --------- ##

hostname = cse21803
uname -m = x86_64
uname -r = 2.6.38-8-generic
uname -s = Linux
uname -v = #42-Ubuntu SMP Mon Apr 11 03:31:24 UTC 2011

/usr/bin/uname -p = unknown
/bin/uname -X     = unknown

/bin/arch              = unknown
/usr/bin/arch -k       = unknown
/usr/convex/getsysinfo = unknown
/usr/bin/hostinfo      = unknown
/bin/machine           = unknown
/usr/bin/oslevel       = unknown
/bin/universe          = unknown

PATH: /usr/local/sbin
PATH: /usr/local/bin
PATH: /usr/sbin
PATH: /usr/bin
PATH: /sbin
PATH: /bin
PATH: /usr/games
PATH: /usr/java/jdk/bin
PATH: /home/users6/asjoberg/cxxtest
PATH: /home/users6/asjoberg/bin
PATH: /home/users6/asjoberg/usr/bin
PATH: /home/users6/asjoberg/usr/local/bin


## ----------- ##
## Core tests. ##
## ----------- ##

configure:2206: checking for a BSD-compatible install
configure:2274: result: /usr/bin/install -c
configure:2285: checking whether build environment is sane
configure:2328: result: yes
configure:2353: checking for a thread-safe mkdir -p
configure:2392: result: /bin/mkdir -p
configure:2405: checking for gawk
configure:2435: result: no
configure:2405: checking for mawk
configure:2421: found /usr/bin/mawk
configure:2432: result: mawk
configure:2443: checking whether make sets $(MAKE)
configure:2465: result: yes
configure:2667: checking whether to enable maintainer-specific portions of Makefiles
configure:2676: result: no
configure:2768: checking build system type
configure:2786: result: x86_64-unknown-linux-gnu
configure:2808: checking host system type
configure:2823: result: x86_64-unknown-linux-gnu
configure:2857: checking for style of include used by make
configure:2885: result: GNU
configure:2955: checking for gcc
configure:2971: found /usr/bin/gcc
configure:2982: result: gcc
configure:3214: checking for C compiler version
configure:3222: gcc --version >&5
gcc (Ubuntu/Linaro 4.5.2-8ubuntu4) 4.5.2
Copyright (C) 2010 Free Software Foundation, Inc.
This is free software; see the source for copying conditions.  There is NO
warranty; not even for MERCHANTABILITY or FITNESS FOR A PARTICULAR PURPOSE.

configure:3226: $? = 0
configure:3233: gcc -v >&5
Using built-in specs.
COLLECT_GCC=gcc
COLLECT_LTO_WRAPPER=/usr/lib/x86_64-linux-gnu/gcc/x86_64-linux-gnu/4.5.2/lto-wrapper
Target: x86_64-linux-gnu
Configured with: ../src/configure -v --with-pkgversion='Ubuntu/Linaro 4.5.2-8ubuntu4' --with-bugurl=file:///usr/share/doc/gcc-4.5/README.Bugs --enable-languages=c,c++,fortran,objc,obj-c++ --prefix=/usr --program-suffix=-4.5 --enable-shared --enable-multiarch --with-multiarch-defaults=x86_64-linux-gnu --enable-linker-build-id --with-system-zlib --libexecdir=/usr/lib/x86_64-linux-gnu --without-included-gettext --enable-threads=posix --with-gxx-include-dir=/usr/include/c++/4.5 --libdir=/usr/lib/x86_64-linux-gnu --enable-nls --with-sysroot=/ --enable-clocale=gnu --enable-libstdcxx-debug --enable-libstdcxx-time=yes --enable-plugin --enable-gold --enable-ld=default --with-plugin-ld=ld.gold --enable-objc-gc --disable-werror --with-arch-32=i686 --with-tune=generic --enable-checking=release --build=x86_64-linux-gnu --host=x86_64-linux-gnu --target=x86_64-linux-gnu
Thread model: posix
gcc version 4.5.2 (Ubuntu/Linaro 4.5.2-8ubuntu4) 
configure:3237: $? = 0
configure:3244: gcc -V >&5
gcc: '-V' option must have argument
configure:3248: $? = 1
configure:3271: checking for C compiler default output file name
configure:3293: gcc    conftest.c  >&5
configure:3297: $? = 0
configure:3335: result: a.out
configure:3354: checking whether the C compiler works
configure:3364: ./a.out
configure:3368: $? = 0
configure:3387: result: yes
configure:3394: checking whether we are cross compiling
configure:3396: result: no
configure:3399: checking for suffix of executables
configure:3406: gcc -o conftest    conftest.c  >&5
configure:3410: $? = 0
configure:3436: result: 
configure:3442: checking for suffix of object files
configure:3468: gcc -c   conftest.c >&5
configure:3472: $? = 0
configure:3497: result: o
configure:3501: checking whether we are using the GNU C compiler
configure:3530: gcc -c   conftest.c >&5
configure:3537: $? = 0
configure:3554: result: yes
configure:3563: checking whether gcc accepts -g
configure:3593: gcc -c -g  conftest.c >&5
configure:3600: $? = 0
configure:3701: result: yes
configure:3718: checking for gcc option to accept ISO C89
configure:3792: gcc  -c -g -O2  conftest.c >&5
configure:3799: $? = 0
configure:3822: result: none needed
configure:3842: checking dependency style of gcc
configure:3933: result: gcc3
configure:3948: checking for a sed that does not truncate output
configure:4004: result: /bin/sed
configure:4007: checking for grep that handles long lines and -e
configure:4067: result: /bin/grep
configure:4072: checking for egrep
configure:4136: result: /bin/grep -E
configure:4152: checking for ld used by gcc
configure:4219: result: /usr/bin/ld
configure:4228: checking if the linker (/usr/bin/ld) is GNU ld
configure:4243: result: yes
configure:4248: checking for /usr/bin/ld option to reload object files
configure:4255: result: -r
configure:4273: checking for BSD-compatible nm
configure:4322: result: /usr/bin/nm -B
configure:4326: checking whether ln -s works
configure:4330: result: yes
configure:4337: checking how to recognize dependent libraries
configure:4523: result: pass_all
configure:4612: gcc -c -g -O2  conftest.c >&5
configure:4615: $? = 0
configure:4772: checking how to run the C preprocessor
configure:4812: gcc -E  conftest.c
configure:4819: $? = 0
configure:4850: gcc -E  conftest.c
conftest.c:10:28: fatal error: ac_nonexistent.h: No such file or directory
compilation terminated.
configure:4857: $? = 1
configure: failed program was:
| /* confdefs.h.  */
| #define PACKAGE_NAME "pioneers"
| #define PACKAGE_TARNAME "pioneers"
| #define PACKAGE_VERSION "0.12.4"
| #define PACKAGE_STRING "pioneers 0.12.4"
| #define PACKAGE_BUGREPORT "pio-develop@lists.sourceforge.net"
| #define PACKAGE "pioneers"
| #define VERSION "0.12.4"
| /* end confdefs.h.  */
| #include <ac_nonexistent.h>
configure:4890: result: gcc -E
configure:4919: gcc -E  conftest.c
configure:4926: $? = 0
configure:4957: gcc -E  conftest.c
conftest.c:10:28: fatal error: ac_nonexistent.h: No such file or directory
compilation terminated.
configure:4964: $? = 1
configure: failed program was:
| /* confdefs.h.  */
| #define PACKAGE_NAME "pioneers"
| #define PACKAGE_TARNAME "pioneers"
| #define PACKAGE_VERSION "0.12.4"
| #define PACKAGE_STRING "pioneers 0.12.4"
| #define PACKAGE_BUGREPORT "pio-develop@lists.sourceforge.net"
| #define PACKAGE "pioneers"
| #define VERSION "0.12.4"
| /* end confdefs.h.  */
| #include <ac_nonexistent.h>
configure:5004: checking for ANSI C header files
configure:5034: gcc -c -g -O2  conftest.c >&5
configure:5041: $? = 0
configure:5140: gcc -o conftest -g -O2   conftest.c  >&5
configure:5144: $? = 0
configure:5150: ./conftest
configure:5154: $? = 0
configure:5172: result: yes
configure:5196: checking for sys/types.h
configure:5217: gcc -c -g -O2  conftest.c >&5
configure:5224: $? = 0
configure:5241: result: yes
configure:5196: checking for sys/stat.h
configure:5217: gcc -c -g -O2  conftest.c >&5
configure:5224: $? = 0
configure:5241: result: yes
configure:5196: checking for stdlib.h
configure:5217: gcc -c -g -O2  conftest.c >&5
configure:5224: $? = 0
configure:5241: result: yes
configure:5196: checking for string.h
configure:5217: gcc -c -g -O2  conftest.c >&5
configure:5224: $? = 0
configure:5241: result: yes
configure:5196: checking for memory.h
configure:5217: gcc -c -g -O2  conftest.c >&5
configure:5224: $? = 0
configure:5241: result: yes
configure:5196: checking for strings.h
configure:5217: gcc -c -g -O2  conftest.c >&5
configure:5224: $? = 0
configure:5241: result: yes
configure:5196: checking for inttypes.h
configure:5217: gcc -c -g -O2  conftest.c >&5
configure:5224: $? = 0
configure:5241: result: yes
configure:5196: checking for stdint.h
configure:5217: gcc -c -g -O2  conftest.c >&5
configure:5224: $? = 0
configure:5241: result: yes
configure:5196: checking for unistd.h
configure:5217: gcc -c -g -O2  conftest.c >&5
configure:5224: $? = 0
configure:5241: result: yes
configure:5271: checking dlfcn.h usability
configure:5288: gcc -c -g -O2  conftest.c >&5
configure:5295: $? = 0
configure:5309: result: yes
configure:5313: checking dlfcn.h presence
configure:5328: gcc -E  conftest.c
configure:5335: $? = 0
configure:5349: result: yes
configure:5382: checking for dlfcn.h
configure:5391: result: yes
configure:5464: checking for g++
configure:5480: found /usr/bin/g++
configure:5491: result: g++
configure:5518: checking for C++ compiler version
configure:5526: g++ --version >&5
g++ (Ubuntu/Linaro 4.5.2-8ubuntu4) 4.5.2
Copyright (C) 2010 Free Software Foundation, Inc.
This is free software; see the source for copying conditions.  There is NO
warranty; not even for MERCHANTABILITY or FITNESS FOR A PARTICULAR PURPOSE.

configure:5530: $? = 0
configure:5537: g++ -v >&5
Using built-in specs.
COLLECT_GCC=g++
COLLECT_LTO_WRAPPER=/usr/lib/x86_64-linux-gnu/gcc/x86_64-linux-gnu/4.5.2/lto-wrapper
Target: x86_64-linux-gnu
Configured with: ../src/configure -v --with-pkgversion='Ubuntu/Linaro 4.5.2-8ubuntu4' --with-bugurl=file:///usr/share/doc/gcc-4.5/README.Bugs --enable-languages=c,c++,fortran,objc,obj-c++ --prefix=/usr --program-suffix=-4.5 --enable-shared --enable-multiarch --with-multiarch-defaults=x86_64-linux-gnu --enable-linker-build-id --with-system-zlib --libexecdir=/usr/lib/x86_64-linux-gnu --without-included-gettext --enable-threads=posix --with-gxx-include-dir=/usr/include/c++/4.5 --libdir=/usr/lib/x86_64-linux-gnu --enable-nls --with-sysroot=/ --enable-clocale=gnu --enable-libstdcxx-debug --enable-libstdcxx-time=yes --enable-plugin --enable-gold --enable-ld=default --with-plugin-ld=ld.gold --enable-objc-gc --disable-werror --with-arch-32=i686 --with-tune=generic --enable-checking=release --build=x86_64-linux-gnu --host=x86_64-linux-gnu --target=x86_64-linux-gnu
Thread model: posix
gcc version 4.5.2 (Ubuntu/Linaro 4.5.2-8ubuntu4) 
configure:5541: $? = 0
configure:5548: g++ -V >&5
g++: '-V' option must have argument
configure:5552: $? = 1
configure:5555: checking whether we are using the GNU C++ compiler
configure:5584: g++ -c   conftest.cpp >&5
configure:5591: $? = 0
configure:5608: result: yes
configure:5617: checking whether g++ accepts -g
configure:5647: g++ -c -g  conftest.cpp >&5
configure:5654: $? = 0
configure:5755: result: yes
configure:5780: checking dependency style of g++
configure:5871: result: gcc3
configure:5896: checking how to run the C++ preprocessor
configure:5932: g++ -E  conftest.cpp
configure:5939: $? = 0
configure:5970: g++ -E  conftest.cpp
conftest.cpp:21:28: fatal error: ac_nonexistent.h: No such file or directory
compilation terminated.
configure:5977: $? = 1
configure: failed program was:
| /* confdefs.h.  */
| #define PACKAGE_NAME "pioneers"
| #define PACKAGE_TARNAME "pioneers"
| #define PACKAGE_VERSION "0.12.4"
| #define PACKAGE_STRING "pioneers 0.12.4"
| #define PACKAGE_BUGREPORT "pio-develop@lists.sourceforge.net"
| #define PACKAGE "pioneers"
| #define VERSION "0.12.4"
| #define STDC_HEADERS 1
| #define HAVE_SYS_TYPES_H 1
| #define HAVE_SYS_STAT_H 1
| #define HAVE_STDLIB_H 1
| #define HAVE_STRING_H 1
| #define HAVE_MEMORY_H 1
| #define HAVE_STRINGS_H 1
| #define HAVE_INTTYPES_H 1
| #define HAVE_STDINT_H 1
| #define HAVE_UNISTD_H 1
| #define HAVE_DLFCN_H 1
| /* end confdefs.h.  */
| #include <ac_nonexistent.h>
configure:6010: result: g++ -E
configure:6039: g++ -E  conftest.cpp
configure:6046: $? = 0
configure:6077: g++ -E  conftest.cpp
conftest.cpp:21:28: fatal error: ac_nonexistent.h: No such file or directory
compilation terminated.
configure:6084: $? = 1
configure: failed program was:
| /* confdefs.h.  */
| #define PACKAGE_NAME "pioneers"
| #define PACKAGE_TARNAME "pioneers"
| #define PACKAGE_VERSION "0.12.4"
| #define PACKAGE_STRING "pioneers 0.12.4"
| #define PACKAGE_BUGREPORT "pio-develop@lists.sourceforge.net"
| #define PACKAGE "pioneers"
| #define VERSION "0.12.4"
| #define STDC_HEADERS 1
| #define HAVE_SYS_TYPES_H 1
| #define HAVE_SYS_STAT_H 1
| #define HAVE_STDLIB_H 1
| #define HAVE_STRING_H 1
| #define HAVE_MEMORY_H 1
| #define HAVE_STRINGS_H 1
| #define HAVE_INTTYPES_H 1
| #define HAVE_STDINT_H 1
| #define HAVE_UNISTD_H 1
| #define HAVE_DLFCN_H 1
| /* end confdefs.h.  */
| #include <ac_nonexistent.h>
configure:6179: checking for g77
configure:6209: result: no
configure:6179: checking for xlf
configure:6209: result: no
configure:6179: checking for f77
configure:6209: result: no
configure:6179: checking for frt
configure:6209: result: no
configure:6179: checking for pgf77
configure:6209: result: no
configure:6179: checking for cf77
configure:6209: result: no
configure:6179: checking for fort77
configure:6209: result: no
configure:6179: checking for fl32
configure:6209: result: no
configure:6179: checking for af77
configure:6209: result: no
configure:6179: checking for xlf90
configure:6209: result: no
configure:6179: checking for f90
configure:6209: result: no
configure:6179: checking for pgf90
configure:6209: result: no
configure:6179: checking for pghpf
configure:6209: result: no
configure:6179: checking for epcf90
configure:6209: result: no
configure:6179: checking for gfortran
configure:6209: result: no
configure:6179: checking for g95
configure:6209: result: no
configure:6179: checking for xlf95
configure:6209: result: no
configure:6179: checking for f95
configure:6209: result: no
configure:6179: checking for fort
configure:6209: result: no
configure:6179: checking for ifort
configure:6209: result: no
configure:6179: checking for ifc
configure:6209: result: no
configure:6179: checking for efc
configure:6209: result: no
configure:6179: checking for pgf95
configure:6209: result: no
configure:6179: checking for lf95
configure:6209: result: no
configure:6179: checking for ftn
configure:6209: result: no
configure:6232: checking for Fortran 77 compiler version
configure:6240:  --version >&5
./configure: line 6242: --version: command not found
configure:6244: $? = 127
configure:6251:  -v >&5
./configure: line 6253: -v: command not found
configure:6255: $? = 127
configure:6262:  -V >&5
./configure: line 6264: -V: command not found
configure:6266: $? = 127
configure:6274: checking whether we are using the GNU Fortran 77 compiler
configure:6293:  -c  conftest.F >&5
./configure: line 6295: -c: command not found
configure:6300: $? = 127
configure: failed program was:
|       program main
| #ifndef __GNUC__
|        choke me
| #endif
| 
|       end
configure:6317: result: no
configure:6323: checking whether  accepts -g
configure:6340:  -c -g conftest.f >&5
./configure: line 6342: -c: command not found
configure:6347: $? = 127
configure: failed program was:
|       program main
| 
|       end
configure:6363: result: no
configure:6396: checking the maximum length of command line arguments
configure:6508: result: 1572864
configure:6520: checking command to parse /usr/bin/nm -B output from gcc object
configure:6625: gcc -c -g -O2  conftest.c >&5
configure:6628: $? = 0
configure:6632: /usr/bin/nm -B conftest.o \| sed -n -e 's/^.*[ 	]\([ABCDGIRSTW][ABCDGIRSTW]*\)[ 	][ 	]*\([_A-Za-z][_A-Za-z0-9]*\)$/\1 \2 \2/p' \> conftest.nm
configure:6635: $? = 0
configure:6687: gcc -o conftest -g -O2   conftest.c conftstm.o >&5
configure:6690: $? = 0
configure:6728: result: ok
configure:6732: checking for objdir
configure:6747: result: .libs
configure:6839: checking for ar
configure:6855: found /usr/bin/ar
configure:6866: result: ar
configure:6931: checking for ranlib
configure:6947: found /usr/bin/ranlib
configure:6958: result: ranlib
configure:7023: checking for strip
configure:7039: found /usr/bin/strip
configure:7050: result: strip
configure:7591: checking for correct ltmain.sh version
configure:7641: result: yes
configure:7701: checking if gcc supports -fno-rtti -fno-exceptions
configure:7719: gcc -c -g -O2  -fno-rtti -fno-exceptions conftest.c >&5
cc1: warning: command line option "-fno-rtti" is valid for C++/ObjC++ but not for C
configure:7723: $? = 0
configure:7736: result: no
configure:7751: checking for gcc option to produce PIC
configure:7983: result: -fPIC
configure:7991: checking if gcc PIC flag -fPIC works
configure:8009: gcc -c -g -O2  -fPIC -DPIC conftest.c >&5
configure:8013: $? = 0
configure:8026: result: yes
configure:8054: checking if gcc static flag -static works
configure:8082: result: yes
configure:8092: checking if gcc supports -c -o file.o
configure:8113: gcc -c -g -O2  -o out/conftest2.o conftest.c >&5
configure:8117: $? = 0
configure:8139: result: yes
configure:8165: checking whether the gcc linker (/usr/bin/ld -m elf_x86_64) supports shared libraries
configure:9153: result: yes
configure:9174: checking whether -lc should be explicitly linked in
configure:9179: gcc -c -g -O2  conftest.c >&5
configure:9182: $? = 0
configure:9197: gcc -shared conftest.o  -v -Wl,-soname -Wl,conftest -o conftest 2\>\&1 \| grep  -lc  \>/dev/null 2\>\&1
configure:9200: $? = 0
configure:9212: result: no
configure:9220: checking dynamic linker characteristics
configure:9835: result: GNU/Linux ld.so
configure:9859: checking how to hardcode library paths into programs
configure:9884: result: immediate
configure:9898: checking whether stripping libraries is possible
configure:9903: result: yes
configure:10733: checking if libtool supports shared libraries
configure:10735: result: yes
configure:10738: checking whether to build shared libraries
configure:10759: result: yes
configure:10762: checking whether to build static libraries
configure:10766: result: yes
configure:10860: creating libtool
configure:11453: checking for ld used by g++
configure:11520: result: /usr/bin/ld -m elf_x86_64
configure:11529: checking if the linker (/usr/bin/ld -m elf_x86_64) is GNU ld
configure:11544: result: yes
configure:11595: checking whether the g++ linker (/usr/bin/ld -m elf_x86_64) supports shared libraries
configure:12549: result: yes
configure:12566: g++ -c -g -O2  conftest.cpp >&5
configure:12569: $? = 0
configure:12725: checking for g++ option to produce PIC
configure:13009: result: -fPIC
configure:13017: checking if g++ PIC flag -fPIC works
configure:13035: g++ -c -g -O2  -fPIC -DPIC conftest.cpp >&5
configure:13039: $? = 0
configure:13052: result: yes
configure:13080: checking if g++ static flag -static works
configure:13108: result: yes
configure:13118: checking if g++ supports -c -o file.o
configure:13139: g++ -c -g -O2  -o out/conftest2.o conftest.cpp >&5
configure:13143: $? = 0
configure:13165: result: yes
configure:13191: checking whether the g++ linker (/usr/bin/ld -m elf_x86_64) supports shared libraries
configure:13217: result: yes
configure:13284: checking dynamic linker characteristics
configure:13847: result: GNU/Linux ld.so
configure:13871: checking how to hardcode library paths into programs
configure:13896: result: immediate
configure:20208: checking for gcc
configure:20235: result: gcc
configure:20467: checking for C compiler version
configure:20475: gcc --version >&5
gcc (Ubuntu/Linaro 4.5.2-8ubuntu4) 4.5.2
Copyright (C) 2010 Free Software Foundation, Inc.
This is free software; see the source for copying conditions.  There is NO
warranty; not even for MERCHANTABILITY or FITNESS FOR A PARTICULAR PURPOSE.

configure:20479: $? = 0
configure:20486: gcc -v >&5
Using built-in specs.
COLLECT_GCC=gcc
COLLECT_LTO_WRAPPER=/usr/lib/x86_64-linux-gnu/gcc/x86_64-linux-gnu/4.5.2/lto-wrapper
Target: x86_64-linux-gnu
Configured with: ../src/configure -v --with-pkgversion='Ubuntu/Linaro 4.5.2-8ubuntu4' --with-bugurl=file:///usr/share/doc/gcc-4.5/README.Bugs --enable-languages=c,c++,fortran,objc,obj-c++ --prefix=/usr --program-suffix=-4.5 --enable-shared --enable-multiarch --with-multiarch-defaults=x86_64-linux-gnu --enable-linker-build-id --with-system-zlib --libexecdir=/usr/lib/x86_64-linux-gnu --without-included-gettext --enable-threads=posix --with-gxx-include-dir=/usr/include/c++/4.5 --libdir=/usr/lib/x86_64-linux-gnu --enable-nls --with-sysroot=/ --enable-clocale=gnu --enable-libstdcxx-debug --enable-libstdcxx-time=yes --enable-plugin --enable-gold --enable-ld=default --with-plugin-ld=ld.gold --enable-objc-gc --disable-werror --with-arch-32=i686 --with-tune=generic --enable-checking=release --build=x86_64-linux-gnu --host=x86_64-linux-gnu --target=x86_64-linux-gnu
Thread model: posix
gcc version 4.5.2 (Ubuntu/Linaro 4.5.2-8ubuntu4) 
configure:20490: $? = 0
configure:20497: gcc -V >&5
gcc: '-V' option must have argument
configure:20501: $? = 1
configure:20504: checking whether we are using the GNU C compiler
configure:20557: result: yes
configure:20566: checking whether gcc accepts -g
configure:20704: result: yes
configure:20721: checking for gcc option to accept ISO C89
configure:20825: result: none needed
configure:20845: checking dependency style of gcc
configure:20936: result: gcc3
configure:20952: checking whether gcc and cc understand -c and -o together
configure:20987: gcc -c conftest.c -o conftest2.o >&5
configure:20991: $? = 0
configure:20997: gcc -c conftest.c -o conftest2.o >&5
configure:21001: $? = 0
configure:21012: cc -c conftest.c >&5
configure:21016: $? = 0
configure:21024: cc -c conftest.c -o conftest2.o >&5
configure:21028: $? = 0
configure:21034: cc -c conftest.c -o conftest2.o >&5
configure:21038: $? = 0
configure:21056: result: yes
configure:21089: checking for ANSI C header files
configure:21257: result: yes
configure:21281: checking for rsvg
configure:21314: result: no
configure:21329: checking for convert
configure:21347: found /usr/bin/convert
configure:21359: result: /usr/bin/convert
configure:21385: checking for pngtopnm
configure:21403: found /usr/bin/pngtopnm
configure:21415: result: /usr/bin/pngtopnm
configure:21604: checking for scrollkeeper-config
configure:21622: found /usr/bin/scrollkeeper-config
configure:21635: result: /usr/bin/scrollkeeper-config
configure:21702: checking for pkg-config
configure:21720: found /usr/bin/pkg-config
configure:21732: result: /usr/bin/pkg-config
configure:21757: checking pkg-config is at least version 0.9.0
configure:21760: result: yes
configure:21771: checking for GLIB2
configure:21778: $PKG_CONFIG --exists --print-errors "glib-2.0 >= $GLIB_REQUIRED_VERSION"
configure:21781: $? = 0
configure:21794: $PKG_CONFIG --exists --print-errors "glib-2.0 >= $GLIB_REQUIRED_VERSION"
configure:21797: $? = 0
configure:21874: result: yes
configure:21885: checking for GTK2
configure:21892: $PKG_CONFIG --exists --print-errors "gtk+-2.0 >= $GTK_REQUIRED_VERSION"
configure:21895: $? = 0
configure:21908: $PKG_CONFIG --exists --print-errors "gtk+-2.0 >= $GTK_REQUIRED_VERSION"
configure:21911: $? = 0
configure:21970: result: yes
configure:22002: checking for GNOME2
configure:22009: $PKG_CONFIG --exists --print-errors "libgnome-2.0"
Package libgnome-2.0 was not found in the pkg-config search path.
Perhaps you should add the directory containing `libgnome-2.0.pc'
to the PKG_CONFIG_PATH environment variable
No package 'libgnome-2.0' found
configure:22012: $? = 1
configure:22025: $PKG_CONFIG --exists --print-errors "libgnome-2.0"
Package libgnome-2.0 was not found in the pkg-config search path.
Perhaps you should add the directory containing `libgnome-2.0.pc'
to the PKG_CONFIG_PATH environment variable
No package 'libgnome-2.0' found
configure:22028: $? = 1
No package 'libgnome-2.0' found
configure:22055: result: no
configure:22058: result: no, libgnome-2.0 not installed
configure:22156: checking netdb.h usability
configure:22173: gcc -c -g -O2  conftest.c >&5
configure:22180: $? = 0
configure:22194: result: yes
configure:22198: checking netdb.h presence
configure:22213: gcc -E  conftest.c
configure:22220: $? = 0
configure:22234: result: yes
configure:22267: checking for netdb.h
configure:22276: result: yes
configure:22156: checking fcntl.h usability
configure:22173: gcc -c -g -O2  conftest.c >&5
configure:22180: $? = 0
configure:22194: result: yes
configure:22198: checking fcntl.h presence
configure:22213: gcc -E  conftest.c
configure:22220: $? = 0
configure:22234: result: yes
configure:22267: checking for fcntl.h
configure:22276: result: yes
configure:22156: checking netinet/in.h usability
configure:22173: gcc -c -g -O2  conftest.c >&5
configure:22180: $? = 0
configure:22194: result: yes
configure:22198: checking netinet/in.h presence
configure:22213: gcc -E  conftest.c
configure:22220: $? = 0
configure:22234: result: yes
configure:22267: checking for netinet/in.h
configure:22276: result: yes
configure:22156: checking sys/socket.h usability
configure:22173: gcc -c -g -O2  conftest.c >&5
configure:22180: $? = 0
configure:22194: result: yes
configure:22198: checking sys/socket.h presence
configure:22213: gcc -E  conftest.c
configure:22220: $? = 0
configure:22234: result: yes
configure:22267: checking for sys/socket.h
configure:22276: result: yes
configure:22307: checking limits.h usability
configure:22324: gcc -c -g -O2  conftest.c >&5
configure:22331: $? = 0
configure:22345: result: yes
configure:22349: checking limits.h presence
configure:22364: gcc -E  conftest.c
configure:22371: $? = 0
configure:22385: result: yes
configure:22418: checking for limits.h
configure:22427: result: yes
configure:22458: checking syslog.h usability
configure:22475: gcc -c -g -O2  conftest.c >&5
configure:22482: $? = 0
configure:22496: result: yes
configure:22500: checking syslog.h presence
configure:22515: gcc -E  conftest.c
configure:22522: $? = 0
configure:22536: result: yes
configure:22569: checking for syslog.h
configure:22578: result: yes
configure:22595: checking for sys/wait.h that is POSIX.1 compatible
configure:22631: gcc -c -g -O2  conftest.c >&5
configure:22638: $? = 0
configure:22653: result: yes
configure:22663: checking whether time.h and sys/time.h may both be included
configure:22693: gcc -c -g -O2  conftest.c >&5
configure:22700: $? = 0
configure:22715: result: yes
configure:22726: checking for an ANSI C-conforming const
configure:22801: gcc -c -g -O2  conftest.c >&5
configure:22808: $? = 0
configure:22823: result: yes
configure:22835: checking for pid_t
configure:22863: gcc -c -g -O2  conftest.c >&5
configure:22870: $? = 0
configure:22897: gcc -c -g -O2  conftest.c >&5
conftest.c: In function 'main':
conftest.c:67:20: error: expected expression before ')' token
configure:22904: $? = 1
configure: failed program was:
| /* confdefs.h.  */
| #define PACKAGE_NAME "pioneers"
| #define PACKAGE_TARNAME "pioneers"
| #define PACKAGE_VERSION "0.12.4"
| #define PACKAGE_STRING "pioneers 0.12.4"
| #define PACKAGE_BUGREPORT "pio-develop@lists.sourceforge.net"
| #define PACKAGE "pioneers"
| #define VERSION "0.12.4"
| #define STDC_HEADERS 1
| #define HAVE_SYS_TYPES_H 1
| #define HAVE_SYS_STAT_H 1
| #define HAVE_STDLIB_H 1
| #define HAVE_STRING_H 1
| #define HAVE_MEMORY_H 1
| #define HAVE_STRINGS_H 1
| #define HAVE_INTTYPES_H 1
| #define HAVE_STDINT_H 1
| #define HAVE_UNISTD_H 1
| #define HAVE_DLFCN_H 1
| #define STDC_HEADERS 1
| #define NETWORK_PROTOCOL AF_UNSPEC
| #define HAVE_NETDB_H 1
| #define HAVE_FCNTL_H 1
| #define HAVE_NETINET_IN_H 1
| #define HAVE_SYS_SOCKET_H 1
| #define HAVE_LIMITS_H 1
| #define HAVE_SYSLOG_H 1
| #define HAVE_SYS_WAIT_H 1
| #define TIME_WITH_SYS_TIME 1
| /* end confdefs.h.  */
| #include <stdio.h>
| #ifdef HAVE_SYS_TYPES_H
| # include <sys/types.h>
| #endif
| #ifdef HAVE_SYS_STAT_H
| # include <sys/stat.h>
| #endif
| #ifdef STDC_HEADERS
| # include <stdlib.h>
| # include <stddef.h>
| #else
| # ifdef HAVE_STDLIB_H
| #  include <stdlib.h>
| # endif
| #endif
| #ifdef HAVE_STRING_H
| # if !defined STDC_HEADERS && defined HAVE_MEMORY_H
| #  include <memory.h>
| # endif
| # include <string.h>
| #endif
| #ifdef HAVE_STRINGS_H
| # include <strings.h>
| #endif
| #ifdef HAVE_INTTYPES_H
| # include <inttypes.h>
| #endif
| #ifdef HAVE_STDINT_H
| # include <stdint.h>
| #endif
| #ifdef HAVE_UNISTD_H
| # include <unistd.h>
| #endif
| int
| main ()
| {
| if (sizeof ((pid_t)))
| 	  return 0;
|   ;
|   return 0;
| }
configure:22927: result: yes
configure:22955: checking vfork.h usability
configure:22972: gcc -c -g -O2  conftest.c >&5
conftest.c:64:19: fatal error: vfork.h: No such file or directory
compilation terminated.
configure:22979: $? = 1
configure: failed program was:
| /* confdefs.h.  */
| #define PACKAGE_NAME "pioneers"
| #define PACKAGE_TARNAME "pioneers"
| #define PACKAGE_VERSION "0.12.4"
| #define PACKAGE_STRING "pioneers 0.12.4"
| #define PACKAGE_BUGREPORT "pio-develop@lists.sourceforge.net"
| #define PACKAGE "pioneers"
| #define VERSION "0.12.4"
| #define STDC_HEADERS 1
| #define HAVE_SYS_TYPES_H 1
| #define HAVE_SYS_STAT_H 1
| #define HAVE_STDLIB_H 1
| #define HAVE_STRING_H 1
| #define HAVE_MEMORY_H 1
| #define HAVE_STRINGS_H 1
| #define HAVE_INTTYPES_H 1
| #define HAVE_STDINT_H 1
| #define HAVE_UNISTD_H 1
| #define HAVE_DLFCN_H 1
| #define STDC_HEADERS 1
| #define NETWORK_PROTOCOL AF_UNSPEC
| #define HAVE_NETDB_H 1
| #define HAVE_FCNTL_H 1
| #define HAVE_NETINET_IN_H 1
| #define HAVE_SYS_SOCKET_H 1
| #define HAVE_LIMITS_H 1
| #define HAVE_SYSLOG_H 1
| #define HAVE_SYS_WAIT_H 1
| #define TIME_WITH_SYS_TIME 1
| /* end confdefs.h.  */
| #include <stdio.h>
| #ifdef HAVE_SYS_TYPES_H
| # include <sys/types.h>
| #endif
| #ifdef HAVE_SYS_STAT_H
| # include <sys/stat.h>
| #endif
| #ifdef STDC_HEADERS
| # include <stdlib.h>
| # include <stddef.h>
| #else
| # ifdef HAVE_STDLIB_H
| #  include <stdlib.h>
| # endif
| #endif
| #ifdef HAVE_STRING_H
| # if !defined STDC_HEADERS && defined HAVE_MEMORY_H
| #  include <memory.h>
| # endif
| # include <string.h>
| #endif
| #ifdef HAVE_STRINGS_H
| # include <strings.h>
| #endif
| #ifdef HAVE_INTTYPES_H
| # include <inttypes.h>
| #endif
| #ifdef HAVE_STDINT_H
| # include <stdint.h>
| #endif
| #ifdef HAVE_UNISTD_H
| # include <unistd.h>
| #endif
| #include <vfork.h>
configure:22993: result: no
configure:22997: checking vfork.h presence
configure:23012: gcc -E  conftest.c
conftest.c:31:19: fatal error: vfork.h: No such file or directory
compilation terminated.
configure:23019: $? = 1
configure: failed program was:
| /* confdefs.h.  */
| #define PACKAGE_NAME "pioneers"
| #define PACKAGE_TARNAME "pioneers"
| #define PACKAGE_VERSION "0.12.4"
| #define PACKAGE_STRING "pioneers 0.12.4"
| #define PACKAGE_BUGREPORT "pio-develop@lists.sourceforge.net"
| #define PACKAGE "pioneers"
| #define VERSION "0.12.4"
| #define STDC_HEADERS 1
| #define HAVE_SYS_TYPES_H 1
| #define HAVE_SYS_STAT_H 1
| #define HAVE_STDLIB_H 1
| #define HAVE_STRING_H 1
| #define HAVE_MEMORY_H 1
| #define HAVE_STRINGS_H 1
| #define HAVE_INTTYPES_H 1
| #define HAVE_STDINT_H 1
| #define HAVE_UNISTD_H 1
| #define HAVE_DLFCN_H 1
| #define STDC_HEADERS 1
| #define NETWORK_PROTOCOL AF_UNSPEC
| #define HAVE_NETDB_H 1
| #define HAVE_FCNTL_H 1
| #define HAVE_NETINET_IN_H 1
| #define HAVE_SYS_SOCKET_H 1
| #define HAVE_LIMITS_H 1
| #define HAVE_SYSLOG_H 1
| #define HAVE_SYS_WAIT_H 1
| #define TIME_WITH_SYS_TIME 1
| /* end confdefs.h.  */
| #include <vfork.h>
configure:23033: result: no
configure:23066: checking for vfork.h
configure:23075: result: no
configure:23095: checking for fork
configure:23151: gcc -o conftest -g -O2   conftest.c  >&5
conftest.c:54:6: warning: conflicting types for built-in function 'fork'
configure:23158: $? = 0
configure:23180: result: yes
configure:23095: checking for vfork
configure:23151: gcc -o conftest -g -O2   conftest.c  >&5
configure:23158: $? = 0
configure:23180: result: yes
configure:23193: checking for working fork
configure:23225: gcc -o conftest -g -O2   conftest.c  >&5
configure:23229: $? = 0
configure:23235: ./conftest
configure:23239: $? = 0
configure:23256: result: yes
configure:23277: checking for working vfork
configure:23418: result: yes
configure:23466: checking sys/select.h usability
configure:23483: gcc -c -g -O2  conftest.c >&5
configure:23490: $? = 0
configure:23504: result: yes
configure:23508: checking sys/select.h presence
configure:23523: gcc -E  conftest.c
configure:23530: $? = 0
configure:23544: result: yes
configure:23577: checking for sys/select.h
configure:23586: result: yes
configure:23455: checking for sys/socket.h
configure:23462: result: yes
configure:23601: checking types of arguments for select
configure:23639: gcc -c -g -O2  conftest.c >&5
configure:23646: $? = 0
configure:23667: result: int,fd_set *,struct timeval *
configure:23697: checking for rint
configure:23753: gcc -o conftest -g -O2   conftest.c  >&5
conftest.c:63:6: warning: conflicting types for built-in function 'rint'
/tmp/ccFRzmeR.o: In function `main':
/home/users6/asjoberg/pioneers/pioneers/conftest.c:74: undefined reference to `rint'
collect2: ld returned 1 exit status
configure:23760: $? = 1
configure: failed program was:
| /* confdefs.h.  */
| #define PACKAGE_NAME "pioneers"
| #define PACKAGE_TARNAME "pioneers"
| #define PACKAGE_VERSION "0.12.4"
| #define PACKAGE_STRING "pioneers 0.12.4"
| #define PACKAGE_BUGREPORT "pio-develop@lists.sourceforge.net"
| #define PACKAGE "pioneers"
| #define VERSION "0.12.4"
| #define STDC_HEADERS 1
| #define HAVE_SYS_TYPES_H 1
| #define HAVE_SYS_STAT_H 1
| #define HAVE_STDLIB_H 1
| #define HAVE_STRING_H 1
| #define HAVE_MEMORY_H 1
| #define HAVE_STRINGS_H 1
| #define HAVE_INTTYPES_H 1
| #define HAVE_STDINT_H 1
| #define HAVE_UNISTD_H 1
| #define HAVE_DLFCN_H 1
| #define STDC_HEADERS 1
| #define NETWORK_PROTOCOL AF_UNSPEC
| #define HAVE_NETDB_H 1
| #define HAVE_FCNTL_H 1
| #define HAVE_NETINET_IN_H 1
| #define HAVE_SYS_SOCKET_H 1
| #define HAVE_LIMITS_H 1
| #define HAVE_SYSLOG_H 1
| #define HAVE_SYS_WAIT_H 1
| #define TIME_WITH_SYS_TIME 1
| #define HAVE_FORK 1
| #define HAVE_VFORK 1
| #define HAVE_WORKING_VFORK 1
| #define HAVE_WORKING_FORK 1
| #define HAVE_SYS_SELECT_H 1
| #define HAVE_SYS_SOCKET_H 1
| #define SELECT_TYPE_ARG1 int
| #define SELECT_TYPE_ARG234 (fd_set *)
| #define SELECT_TYPE_ARG5 (struct timeval *)
| /* end confdefs.h.  */
| /* Define rint to an innocuous variant, in case <limits.h> declares rint.
|    For example, HP-UX 11i <limits.h> declares gettimeofday.  */
| #define rint innocuous_rint
| 
| /* System header to define __stub macros and hopefully few prototypes,
|     which can conflict with char rint (); below.
|     Prefer <limits.h> to <assert.h> if __STDC__ is defined, since
|     <limits.h> exists even on freestanding compilers.  */
| 
| #ifdef __STDC__
| # include <limits.h>
| #else
| # include <assert.h>
| #endif
| 
| #undef rint
| 
| /* Override any GCC internal prototype to avoid an error.
|    Use char because int might match the return type of a GCC
|    builtin and then its argument prototype would still apply.  */
| #ifdef __cplusplus
| extern "C"
| #endif
| char rint ();
| /* The GNU C library defines this for functions which it implements
|     to always fail with ENOSYS.  Some functions are actually named
|     something starting with __ and the normal name is an alias.  */
| #if defined __stub_rint || defined __stub___rint
| choke me
| #endif
| 
| int
| main ()
| {
| return rint ();
|   ;
|   return 0;
| }
configure:23782: result: no
configure:23697: checking for sqrt
configure:23753: gcc -o conftest -g -O2   conftest.c  >&5
conftest.c:63:6: warning: conflicting types for built-in function 'sqrt'
/tmp/cct3ped6.o: In function `main':
/home/users6/asjoberg/pioneers/pioneers/conftest.c:74: undefined reference to `sqrt'
collect2: ld returned 1 exit status
configure:23760: $? = 1
configure: failed program was:
| /* confdefs.h.  */
| #define PACKAGE_NAME "pioneers"
| #define PACKAGE_TARNAME "pioneers"
| #define PACKAGE_VERSION "0.12.4"
| #define PACKAGE_STRING "pioneers 0.12.4"
| #define PACKAGE_BUGREPORT "pio-develop@lists.sourceforge.net"
| #define PACKAGE "pioneers"
| #define VERSION "0.12.4"
| #define STDC_HEADERS 1
| #define HAVE_SYS_TYPES_H 1
| #define HAVE_SYS_STAT_H 1
| #define HAVE_STDLIB_H 1
| #define HAVE_STRING_H 1
| #define HAVE_MEMORY_H 1
| #define HAVE_STRINGS_H 1
| #define HAVE_INTTYPES_H 1
| #define HAVE_STDINT_H 1
| #define HAVE_UNISTD_H 1
| #define HAVE_DLFCN_H 1
| #define STDC_HEADERS 1
| #define NETWORK_PROTOCOL AF_UNSPEC
| #define HAVE_NETDB_H 1
| #define HAVE_FCNTL_H 1
| #define HAVE_NETINET_IN_H 1
| #define HAVE_SYS_SOCKET_H 1
| #define HAVE_LIMITS_H 1
| #define HAVE_SYSLOG_H 1
| #define HAVE_SYS_WAIT_H 1
| #define TIME_WITH_SYS_TIME 1
| #define HAVE_FORK 1
| #define HAVE_VFORK 1
| #define HAVE_WORKING_VFORK 1
| #define HAVE_WORKING_FORK 1
| #define HAVE_SYS_SELECT_H 1
| #define HAVE_SYS_SOCKET_H 1
| #define SELECT_TYPE_ARG1 int
| #define SELECT_TYPE_ARG234 (fd_set *)
| #define SELECT_TYPE_ARG5 (struct timeval *)
| /* end confdefs.h.  */
| /* Define sqrt to an innocuous variant, in case <limits.h> declares sqrt.
|    For example, HP-UX 11i <limits.h> declares gettimeofday.  */
| #define sqrt innocuous_sqrt
| 
| /* System header to define __stub macros and hopefully few prototypes,
|     which can conflict with char sqrt (); below.
|     Prefer <limits.h> to <assert.h> if __STDC__ is defined, since
|     <limits.h> exists even on freestanding compilers.  */
| 
| #ifdef __STDC__
| # include <limits.h>
| #else
| # include <assert.h>
| #endif
| 
| #undef sqrt
| 
| /* Override any GCC internal prototype to avoid an error.
|    Use char because int might match the return type of a GCC
|    builtin and then its argument prototype would still apply.  */
| #ifdef __cplusplus
| extern "C"
| #endif
| char sqrt ();
| /* The GNU C library defines this for functions which it implements
|     to always fail with ENOSYS.  Some functions are actually named
|     something starting with __ and the normal name is an alias.  */
| #if defined __stub_sqrt || defined __stub___sqrt
| choke me
| #endif
| 
| int
| main ()
| {
| return sqrt ();
|   ;
|   return 0;
| }
configure:23782: result: no
configure:23802: checking for strchr
configure:23858: gcc -o conftest -g -O2   conftest.c  >&5
conftest.c:63:6: warning: conflicting types for built-in function 'strchr'
configure:23865: $? = 0
configure:23887: result: yes
configure:23802: checking for strspn
configure:23858: gcc -o conftest -g -O2   conftest.c  >&5
conftest.c:64:6: warning: conflicting types for built-in function 'strspn'
configure:23865: $? = 0
configure:23887: result: yes
configure:23802: checking for strstr
configure:23858: gcc -o conftest -g -O2   conftest.c  >&5
conftest.c:65:6: warning: conflicting types for built-in function 'strstr'
configure:23865: $? = 0
configure:23887: result: yes
configure:23802: checking for strcspn
configure:23858: gcc -o conftest -g -O2   conftest.c  >&5
conftest.c:66:6: warning: conflicting types for built-in function 'strcspn'
configure:23865: $? = 0
configure:23887: result: yes
configure:23904: checking for memmove
configure:23960: gcc -o conftest -g -O2   conftest.c  >&5
conftest.c:67:6: warning: conflicting types for built-in function 'memmove'
configure:23967: $? = 0
configure:23989: result: yes
configure:23904: checking for memset
configure:23960: gcc -o conftest -g -O2   conftest.c  >&5
conftest.c:68:6: warning: conflicting types for built-in function 'memset'
configure:23967: $? = 0
configure:23989: result: yes
configure:24009: checking for gethostname
configure:24065: gcc -o conftest -g -O2   conftest.c  >&5
configure:24072: $? = 0
configure:24094: result: yes
configure:24009: checking for gethostbyname
configure:24065: gcc -o conftest -g -O2   conftest.c  >&5
configure:24072: $? = 0
configure:24094: result: yes
configure:24009: checking for select
configure:24065: gcc -o conftest -g -O2   conftest.c  >&5
configure:24072: $? = 0
configure:24094: result: yes
configure:24009: checking for socket
configure:24065: gcc -o conftest -g -O2   conftest.c  >&5
configure:24072: $? = 0
configure:24094: result: yes
configure:24114: checking for getaddrinfo
configure:24170: gcc -o conftest -g -O2   conftest.c  >&5
configure:24177: $? = 0
configure:24199: result: yes
configure:24114: checking for gai_strerror
configure:24170: gcc -o conftest -g -O2   conftest.c  >&5
configure:24177: $? = 0
configure:24199: result: yes
configure:24114: checking for freeaddrinfo
configure:24170: gcc -o conftest -g -O2   conftest.c  >&5
configure:24177: $? = 0
configure:24199: result: yes
configure:24234: checking for fcntl
configure:24290: gcc -o conftest -g -O2   conftest.c  >&5
configure:24297: $? = 0
configure:24319: result: yes
configure:24499: checking for setlocale
configure:24555: gcc -o conftest -g -O2   conftest.c  >&5
configure:24562: $? = 0
configure:24584: result: yes
configure:24598: checking whether struct tm is in sys/time.h or time.h
configure:24628: gcc -c -g -O2  conftest.c >&5
configure:24635: $? = 0
configure:24650: result: time.h
configure:24660: checking for pid_t
configure:24752: result: yes
configure:24764: checking for size_t
configure:24792: gcc -c -g -O2  conftest.c >&5
configure:24799: $? = 0
configure:24826: gcc -c -g -O2  conftest.c >&5
conftest.c: In function 'main':
conftest.c:95:21: error: expected expression before ')' token
configure:24833: $? = 1
configure: failed program was:
| /* confdefs.h.  */
| #define PACKAGE_NAME "pioneers"
| #define PACKAGE_TARNAME "pioneers"
| #define PACKAGE_VERSION "0.12.4"
| #define PACKAGE_STRING "pioneers 0.12.4"
| #define PACKAGE_BUGREPORT "pio-develop@lists.sourceforge.net"
| #define PACKAGE "pioneers"
| #define VERSION "0.12.4"
| #define STDC_HEADERS 1
| #define HAVE_SYS_TYPES_H 1
| #define HAVE_SYS_STAT_H 1
| #define HAVE_STDLIB_H 1
| #define HAVE_STRING_H 1
| #define HAVE_MEMORY_H 1
| #define HAVE_STRINGS_H 1
| #define HAVE_INTTYPES_H 1
| #define HAVE_STDINT_H 1
| #define HAVE_UNISTD_H 1
| #define HAVE_DLFCN_H 1
| #define STDC_HEADERS 1
| #define NETWORK_PROTOCOL AF_UNSPEC
| #define HAVE_NETDB_H 1
| #define HAVE_FCNTL_H 1
| #define HAVE_NETINET_IN_H 1
| #define HAVE_SYS_SOCKET_H 1
| #define HAVE_LIMITS_H 1
| #define HAVE_SYSLOG_H 1
| #define HAVE_SYS_WAIT_H 1
| #define TIME_WITH_SYS_TIME 1
| #define HAVE_FORK 1
| #define HAVE_VFORK 1
| #define HAVE_WORKING_VFORK 1
| #define HAVE_WORKING_FORK 1
| #define HAVE_SYS_SELECT_H 1
| #define HAVE_SYS_SOCKET_H 1
| #define SELECT_TYPE_ARG1 int
| #define SELECT_TYPE_ARG234 (fd_set *)
| #define SELECT_TYPE_ARG5 (struct timeval *)
| #define HAVE_STRCHR 1
| #define HAVE_STRSPN 1
| #define HAVE_STRSTR 1
| #define HAVE_STRCSPN 1
| #define HAVE_MEMMOVE 1
| #define HAVE_MEMSET 1
| #define HAVE_GETHOSTNAME 1
| #define HAVE_GETHOSTBYNAME 1
| #define HAVE_SELECT 1
| #define HAVE_SOCKET 1
| #define HAVE_GETADDRINFO 1
| #define HAVE_GETADDRINFO_ET_AL 1
| #define HAVE_GAI_STRERROR 1
| #define HAVE_GETADDRINFO_ET_AL 1
| #define HAVE_FREEADDRINFO 1
| #define HAVE_GETADDRINFO_ET_AL 1
| #define HAVE_FCNTL 1
| #define GETSOCKOPT_ARG3 void *
| #define HAVE_SETLOCALE 1
| /* end confdefs.h.  */
| #include <stdio.h>
| #ifdef HAVE_SYS_TYPES_H
| # include <sys/types.h>
| #endif
| #ifdef HAVE_SYS_STAT_H
| # include <sys/stat.h>
| #endif
| #ifdef STDC_HEADERS
| # include <stdlib.h>
| # include <stddef.h>
| #else
| # ifdef HAVE_STDLIB_H
| #  include <stdlib.h>
| # endif
| #endif
| #ifdef HAVE_STRING_H
| # if !defined STDC_HEADERS && defined HAVE_MEMORY_H
| #  include <memory.h>
| # endif
| # include <string.h>
| #endif
| #ifdef HAVE_STRINGS_H
| # include <strings.h>
| #endif
| #ifdef HAVE_INTTYPES_H
| # include <inttypes.h>
| #endif
| #ifdef HAVE_STDINT_H
| # include <stdint.h>
| #endif
| #ifdef HAVE_UNISTD_H
| # include <unistd.h>
| #endif
| int
| main ()
| {
| if (sizeof ((size_t)))
| 	  return 0;
|   ;
|   return 0;
| }
configure:24856: result: yes
configure:24869: checking for socklen_t
configure:24897: gcc -c -g -O2  conftest.c >&5
configure:24904: $? = 0
configure:24920: result: yes
configure:24970: checking whether NLS is requested
configure:24979: result: yes
configure:24996: checking for intltool >= 0.35
configure:25003: result: 0.41.1 found
configure:25013: checking for intltool-update
configure:25031: found /usr/bin/intltool-update
configure:25043: result: /usr/bin/intltool-update
configure:25053: checking for intltool-merge
configure:25071: found /usr/bin/intltool-merge
configure:25083: result: /usr/bin/intltool-merge
configure:25093: checking for intltool-extract
configure:25111: found /usr/bin/intltool-extract
configure:25123: result: /usr/bin/intltool-extract
configure:25180: checking for xgettext
configure:25198: found /usr/bin/xgettext
configure:25210: result: /usr/bin/xgettext
configure:25220: checking for msgmerge
configure:25238: found /usr/bin/msgmerge
configure:25250: result: /usr/bin/msgmerge
configure:25260: checking for msgfmt
configure:25278: found /usr/bin/msgfmt
configure:25290: result: /usr/bin/msgfmt
configure:25300: checking for gmsgfmt
configure:25331: result: /usr/bin/msgfmt
configure:25355: checking for perl
configure:25373: found /usr/bin/perl
configure:25385: result: /usr/bin/perl
configure:25404: checking for XML::Parser
configure:25407: result: ok
configure:25444: gcc -o conftest -g -O2   conftest.c  >&5
configure:25451: $? = 0
configure:25598: checking locale.h usability
configure:25615: gcc -c -g -O2  conftest.c >&5
configure:25622: $? = 0
configure:25636: result: yes
configure:25640: checking locale.h presence
configure:25655: gcc -E  conftest.c
configure:25662: $? = 0
configure:25676: result: yes
configure:25709: checking for locale.h
configure:25718: result: yes
configure:25734: checking for LC_MESSAGES
configure:25760: gcc -o conftest -g -O2   conftest.c  >&5
configure:25767: $? = 0
configure:25787: result: yes
configure:25816: checking libintl.h usability
configure:25833: gcc -c -g -O2  conftest.c >&5
configure:25840: $? = 0
configure:25854: result: yes
configure:25858: checking libintl.h presence
configure:25873: gcc -E  conftest.c
configure:25880: $? = 0
configure:25894: result: yes
configure:25927: checking for libintl.h
configure:25934: result: yes
configure:25945: checking for ngettext in libc
configure:25973: gcc -o conftest -g -O2   conftest.c  >&5
configure:25980: $? = 0
configure:26001: result: yes
configure:26005: checking for dgettext in libc
configure:26033: gcc -o conftest -g -O2   conftest.c  >&5
configure:26040: $? = 0
configure:26061: result: yes
configure:26070: checking for bind_textdomain_codeset
configure:26126: gcc -o conftest -g -O2   conftest.c  >&5
configure:26133: $? = 0
configure:26155: result: yes
configure:26671: checking for msgfmt
configure:26698: result: /usr/bin/msgfmt
configure:26711: checking for dcgettext
configure:26767: gcc -o conftest -g -O2   conftest.c   >&5
conftest.c:94:6: warning: conflicting types for built-in function 'dcgettext'
configure:26774: $? = 0
configure:26796: result: yes
configure:26809: checking if msgfmt accepts -c
configure:26824: $MSGFMT -c -o /dev/null conftest.foo
configure:26827: $? = 0
configure:26829: result: yes
configure:26839: checking for gmsgfmt
configure:26870: result: /usr/bin/msgfmt
configure:26880: checking for xgettext
configure:26907: result: /usr/bin/xgettext
configure:26936: gcc -o conftest -g -O2   conftest.c   >&5
configure:26943: $? = 0
configure:27541: creating ./config.status

## ---------------------- ##
## Running config.status. ##
## ---------------------- ##

This file was extended by pioneers config.status 0.12.4, which was
generated by GNU Autoconf 2.63.  Invocation command line was

  CONFIG_FILES    = 
  CONFIG_HEADERS  = 
  CONFIG_LINKS    = 
  CONFIG_COMMANDS = 
  $ ./config.status 

on cse21803

config.status:965: creating Makefile
config.status:965: creating pioneers.spec
config.status:965: creating pioneers.nsi
config.status:965: creating po/Makefile.in
config.status:965: creating client/help/C/Makefile
config.status:965: creating config.h
config.status:1239: executing depfiles commands
config.status:1239: executing default-1 commands
config.status:1239: executing po/stamp-it commands
configure:28927:
pioneers v0.12.4 configuration:

        Source code location:              .
        Install location:                  /home/users6/asjoberg/pioneers
        Compiler:                          gcc
        Build graphical client             yes
        Build computer player              yes
        Build game editor                  yes
        Build graphical server             yes
        Build console server               yes
        Build metaserver                   yes
        Build help                         yes
    Developers only:
        Use compiler warnings              no
        Add debug information              no
        Enable deprecation checks          no
   Maintainers only:
        Microsoft Windows icons            Not needed


## ---------------- ##
## Cache variables. ##
## ---------------- ##

ac_cv_build=x86_64-unknown-linux-gnu
ac_cv_c_compiler_gnu=yes
ac_cv_c_const=yes
ac_cv_cxx_compiler_gnu=yes
ac_cv_env_CCC_set=
ac_cv_env_CCC_value=
ac_cv_env_CC_set=
ac_cv_env_CC_value=
ac_cv_env_CFLAGS_set=
ac_cv_env_CFLAGS_value=
ac_cv_env_CPPFLAGS_set=
ac_cv_env_CPPFLAGS_value=
ac_cv_env_CPP_set=
ac_cv_env_CPP_value=
ac_cv_env_CXXCPP_set=
ac_cv_env_CXXCPP_value=
ac_cv_env_CXXFLAGS_set=
ac_cv_env_CXXFLAGS_value=
ac_cv_env_CXX_set=
ac_cv_env_CXX_value=
ac_cv_env_F77_set=
ac_cv_env_F77_value=
ac_cv_env_FFLAGS_set=
ac_cv_env_FFLAGS_value=
ac_cv_env_GLIB2_CFLAGS_set=
ac_cv_env_GLIB2_CFLAGS_value=
ac_cv_env_GLIB2_LIBS_set=
ac_cv_env_GLIB2_LIBS_value=
ac_cv_env_GNOME2_CFLAGS_set=
ac_cv_env_GNOME2_CFLAGS_value=
ac_cv_env_GNOME2_LIBS_set=
ac_cv_env_GNOME2_LIBS_value=
ac_cv_env_GTK2_CFLAGS_set=
ac_cv_env_GTK2_CFLAGS_value=
ac_cv_env_GTK2_LIBS_set=
ac_cv_env_GTK2_LIBS_value=
ac_cv_env_LDFLAGS_set=
ac_cv_env_LDFLAGS_value=
ac_cv_env_LIBS_set=
ac_cv_env_LIBS_value=
ac_cv_env_PKG_CONFIG_set=
ac_cv_env_PKG_CONFIG_value=
ac_cv_env_build_alias_set=
ac_cv_env_build_alias_value=
ac_cv_env_host_alias_set=
ac_cv_env_host_alias_value=
ac_cv_env_target_alias_set=
ac_cv_env_target_alias_value=
ac_cv_f77_compiler_gnu=no
ac_cv_func_bind_textdomain_codeset=yes
ac_cv_func_dcgettext=yes
ac_cv_func_fcntl=yes
ac_cv_func_fork=yes
ac_cv_func_fork_works=yes
ac_cv_func_freeaddrinfo=yes
ac_cv_func_gai_strerror=yes
ac_cv_func_getaddrinfo=yes
ac_cv_func_gethostbyname=yes
ac_cv_func_gethostname=yes
ac_cv_func_memmove=yes
ac_cv_func_memset=yes
ac_cv_func_rint=no
ac_cv_func_select=yes
ac_cv_func_select_args='int,fd_set *,struct timeval *'
ac_cv_func_setlocale=yes
ac_cv_func_socket=yes
ac_cv_func_sqrt=no
ac_cv_func_strchr=yes
ac_cv_func_strcspn=yes
ac_cv_func_strspn=yes
ac_cv_func_strstr=yes
ac_cv_func_vfork=yes
ac_cv_func_vfork_works=yes
ac_cv_header_dlfcn_h=yes
ac_cv_header_fcntl_h=yes
ac_cv_header_inttypes_h=yes
ac_cv_header_libintl_h=yes
ac_cv_header_limits_h=yes
ac_cv_header_locale_h=yes
ac_cv_header_memory_h=yes
ac_cv_header_netdb_h=yes
ac_cv_header_netinet_in_h=yes
ac_cv_header_stdc=yes
ac_cv_header_stdint_h=yes
ac_cv_header_stdlib_h=yes
ac_cv_header_string_h=yes
ac_cv_header_strings_h=yes
ac_cv_header_sys_select_h=yes
ac_cv_header_sys_socket_h=yes
ac_cv_header_sys_stat_h=yes
ac_cv_header_sys_types_h=yes
ac_cv_header_sys_wait_h=yes
ac_cv_header_syslog_h=yes
ac_cv_header_time=yes
ac_cv_header_unistd_h=yes
ac_cv_header_vfork_h=no
ac_cv_host=x86_64-unknown-linux-gnu
ac_cv_objext=o
ac_cv_path_EGREP='/bin/grep -E'
ac_cv_path_GMSGFMT=/usr/bin/msgfmt
ac_cv_path_GREP=/bin/grep
ac_cv_path_INTLTOOL_EXTRACT=/usr/bin/intltool-extract
ac_cv_path_INTLTOOL_MERGE=/usr/bin/intltool-merge
ac_cv_path_INTLTOOL_PERL=/usr/bin/perl
ac_cv_path_INTLTOOL_UPDATE=/usr/bin/intltool-update
ac_cv_path_MSGFMT=/usr/bin/msgfmt
ac_cv_path_MSGMERGE=/usr/bin/msgmerge
ac_cv_path_SCROLLKEEPER_CONFIG=/usr/bin/scrollkeeper-config
ac_cv_path_XGETTEXT=/usr/bin/xgettext
ac_cv_path_ac_pt_PKG_CONFIG=/usr/bin/pkg-config
ac_cv_path_install='/usr/bin/install -c'
ac_cv_path_mkdir=/bin/mkdir
ac_cv_path_pngtopnm=/usr/bin/pngtopnm
ac_cv_path_svg_renderer_path=/usr/bin/convert
ac_cv_prog_AWK=mawk
ac_cv_prog_CPP='gcc -E'
ac_cv_prog_CXXCPP='g++ -E'
ac_cv_prog_ac_ct_AR=ar
ac_cv_prog_ac_ct_CC=gcc
ac_cv_prog_ac_ct_CXX=g++
ac_cv_prog_ac_ct_RANLIB=ranlib
ac_cv_prog_ac_ct_STRIP=strip
ac_cv_prog_cc_c89=
ac_cv_prog_cc_g=yes
ac_cv_prog_cc_gcc_c_o=yes
ac_cv_prog_cxx_g=yes
ac_cv_prog_f77_g=no
ac_cv_prog_make_make_set=yes
ac_cv_struct_tm=time.h
ac_cv_type_pid_t=yes
ac_cv_type_size_t=yes
ac_cv_type_socklen_t=yes
am_cv_CC_dependencies_compiler_type=gcc3
am_cv_CXX_dependencies_compiler_type=gcc3
am_cv_val_LC_MESSAGES=yes
gt_cv_func_dgettext_libc=yes
gt_cv_func_dgettext_libintl=no
gt_cv_func_ngettext_libc=yes
gt_cv_have_gettext=yes
lt_cv_deplibs_check_method=pass_all
lt_cv_file_magic_cmd='$MAGIC_CMD'
lt_cv_file_magic_test_file=
lt_cv_ld_reload_flag=-r
lt_cv_objdir=.libs
lt_cv_path_LD=/usr/bin/ld
lt_cv_path_LDCXX='/usr/bin/ld -m elf_x86_64'
lt_cv_path_NM='/usr/bin/nm -B'
lt_cv_path_SED=/bin/sed
lt_cv_prog_compiler_c_o=yes
lt_cv_prog_compiler_c_o_CXX=yes
lt_cv_prog_compiler_pic_works=yes
lt_cv_prog_compiler_pic_works_CXX=yes
lt_cv_prog_compiler_rtti_exceptions=no
lt_cv_prog_compiler_static_works=yes
lt_cv_prog_compiler_static_works_CXX=yes
lt_cv_prog_gnu_ld=yes
lt_cv_prog_gnu_ldcxx=yes
lt_cv_sys_global_symbol_pipe='sed -n -e '\''s/^.*[ 	]\([ABCDGIRSTW][ABCDGIRSTW]*\)[ 	][ 	]*\([_A-Za-z][_A-Za-z0-9]*\)$/\1 \2 \2/p'\'''
lt_cv_sys_global_symbol_to_c_name_address='sed -n -e '\''s/^: \([^ ]*\) $/  {\"\1\", (lt_ptr) 0},/p'\'' -e '\''s/^[BCDEGRST] \([^ ]*\) \([^ ]*\)$/  {"\2", (lt_ptr) \&\2},/p'\'''
lt_cv_sys_global_symbol_to_cdecl='sed -n -e '\''s/^. .* \(.*\)$/extern int \1;/p'\'''
lt_cv_sys_lib_dlsearch_path_spec='/lib /usr/lib /usr/lib/mesa /usr/lib32/mesa /lib32 /usr/lib32 /usr/lib32/alsa-lib /usr/lib/alsa-lib /usr/local/lib /lib/x86_64-linux-gnu /usr/lib/x86_64-linux-gnu '
lt_cv_sys_lib_search_path_spec='/usr/lib/x86_64-linux-gnu/gcc/x86_64-linux-gnu/4.5.2 /usr/lib/x86_64-linux-gnu /lib /usr/lib'
lt_cv_sys_max_cmd_len=1572864
lt_lt_cv_prog_compiler_c_o='"yes"'
lt_lt_cv_prog_compiler_c_o_CXX='"yes"'
lt_lt_cv_sys_global_symbol_pipe='"sed -n -e '\''s/^.*[ 	]\\([ABCDGIRSTW][ABCDGIRSTW]*\\)[ 	][ 	]*\\([_A-Za-z][_A-Za-z0-9]*\\)\$/\\1 \\2 \\2/p'\''"'
lt_lt_cv_sys_global_symbol_to_c_name_address='"sed -n -e '\''s/^: \\([^ ]*\\) \$/  {\\\"\\1\\\", (lt_ptr) 0},/p'\'' -e '\''s/^[BCDEGRST] \\([^ ]*\\) \\([^ ]*\\)\$/  {\"\\2\", (lt_ptr) \\&\\2},/p'\''"'
lt_lt_cv_sys_global_symbol_to_cdecl='"sed -n -e '\''s/^. .* \\(.*\\)\$/extern int \\1;/p'\''"'
pkg_cv_GLIB2_CFLAGS='-I/usr/include/glib-2.0 -I/usr/lib/x86_64-linux-gnu/glib-2.0/include  '
pkg_cv_GLIB2_LIBS='-L/usr/lib/x86_64-linux-gnu -lglib-2.0  '
pkg_cv_GTK2_CFLAGS='-pthread -I/usr/include/atk-1.0 -I/usr/include/pango-1.0 -I/usr/include/gio-unix-2.0/ -I/usr/include/glib-2.0 -I/usr/lib/x86_64-linux-gnu/glib-2.0/include -I/usr/include/freetype2 -I/usr/include/libpng12 -I/usr/include/gtk-2.0 -I/usr/lib/gtk-2.0/include -I/usr/include/cairo -I/usr/include/gdk-pixbuf-2.0 -I/usr/include/pixman-1  '
pkg_cv_GTK2_LIBS='-pthread -L/usr/lib/x86_64-linux-gnu -lgtk-x11-2.0 -lgdk-x11-2.0 -latk-1.0 -lgio-2.0 -lpangoft2-1.0 -lpangocairo-1.0 -lgdk_pixbuf-2.0 -lm -lcairo -lpango-1.0 -lfreetype -lfontconfig -lgobject-2.0 -lgmodule-2.0 -lgthread-2.0 -lrt -lglib-2.0  '

## ----------------- ##
## Output variables. ##
## ----------------- ##

ACLOCAL='${SHELL} /home/users6/asjoberg/pioneers/pioneers/missing --run aclocal-1.10'
ADMIN_GTK_SUPPORT_FALSE=''
ADMIN_GTK_SUPPORT_TRUE='#'
ALL_LINGUAS=''
AMDEPBACKSLASH='\'
AMDEP_FALSE='#'
AMDEP_TRUE=''
AMTAR='${SHELL} /home/users6/asjoberg/pioneers/pioneers/missing --run tar'
AM_CFLAGS=''
AR='ar'
AUTOCONF='${SHELL} /home/users6/asjoberg/pioneers/pioneers/missing --run autoconf'
AUTOHEADER='${SHELL} /home/users6/asjoberg/pioneers/pioneers/missing --run autoheader'
AUTOMAKE='${SHELL} /home/users6/asjoberg/pioneers/pioneers/missing --run automake-1.10'
AWK='mawk'
BUILD_CLIENT_FALSE='#'
BUILD_CLIENT_TRUE=''
BUILD_EDITOR_FALSE='#'
BUILD_EDITOR_TRUE=''
BUILD_META_SERVER_FALSE='#'
BUILD_META_SERVER_TRUE=''
BUILD_SERVER_FALSE='#'
BUILD_SERVER_TRUE=''
CATALOGS=''
CATOBJEXT='.gmo'
CC='gcc'
CCDEPMODE='depmode=gcc3'
CFLAGS='-g -O2'
CPP='gcc -E'
CPPFLAGS=''
CREATE_WINDOWS_ICON_FALSE=''
CREATE_WINDOWS_ICON_TRUE='#'
CXX='g++'
CXXCPP='g++ -E'
CXXDEPMODE='depmode=gcc3'
CXXFLAGS='-g -O2'
CYGPATH_W='echo'
DATADIRNAME='share'
DEBUGGING=''
DEFS='-DHAVE_CONFIG_H'
DEPDIR='.deps'
DSYMUTIL=''
ECHO='echo'
ECHO_C=''
ECHO_N='-n'
ECHO_T=''
EGREP='/bin/grep -E'
EXEEXT=''
F77=''
FFLAGS=''
GETTEXT_PACKAGE='pioneers'
GLIB2_CFLAGS='-I/usr/include/glib-2.0 -I/usr/lib/x86_64-linux-gnu/glib-2.0/include  '
GLIB2_LIBS='-L/usr/lib/x86_64-linux-gnu -lglib-2.0  '
GLIB_DEPRECATION=''
GLIB_REQUIRED_VERSION='2.6'
GMOFILES=''
GMSGFMT='/usr/bin/msgfmt'
GNOME2_CFLAGS=''
GNOME2_LIBS=''
GREP='/bin/grep'
GTK2_CFLAGS='-pthread -I/usr/include/atk-1.0 -I/usr/include/pango-1.0 -I/usr/include/gio-unix-2.0/ -I/usr/include/glib-2.0 -I/usr/lib/x86_64-linux-gnu/glib-2.0/include -I/usr/include/freetype2 -I/usr/include/libpng12 -I/usr/include/gtk-2.0 -I/usr/lib/gtk-2.0/include -I/usr/include/cairo -I/usr/include/gdk-pixbuf-2.0 -I/usr/include/pixman-1  '
GTK2_LIBS='-pthread -L/usr/lib/x86_64-linux-gnu -lgtk-x11-2.0 -lgdk-x11-2.0 -latk-1.0 -lgio-2.0 -lpangoft2-1.0 -lpangocairo-1.0 -lgdk_pixbuf-2.0 -lm -lcairo -lpango-1.0 -lfreetype -lfontconfig -lgobject-2.0 -lgmodule-2.0 -lgthread-2.0 -lrt -lglib-2.0  '
GTK_DEPRECATION=''
GTK_REQUIRED_VERSION='2.6'
HAVE_GNOME_FALSE='#'
HAVE_GNOME_TRUE=''
HAVE_GTK2_FALSE='#'
HAVE_GTK2_TRUE=''
HAVE_SCROLLKEEPER_FALSE=''
HAVE_SCROLLKEEPER_TRUE='#'
INSTALL_DATA='${INSTALL} -m 644'
INSTALL_PROGRAM='${INSTALL}'
INSTALL_SCRIPT='${INSTALL}'
INSTALL_STRIP_PROGRAM='$(install_sh) -c -s'
INSTOBJEXT='.mo'
INTLLIBS=''
INTLTOOL_CAVES_RULE='%.caves:     %.caves.in     $(INTLTOOL_MERGE) $(wildcard $(top_srcdir)/po/*.po) ; LC_ALL=C $(INTLTOOL_MERGE) -d -u -c $(top_builddir)/po/.intltool-merge-cache $(top_srcdir)/po $< $@'
INTLTOOL_DESKTOP_RULE='%.desktop:   %.desktop.in   $(INTLTOOL_MERGE) $(wildcard $(top_srcdir)/po/*.po) ; LC_ALL=C $(INTLTOOL_MERGE) -d -u -c $(top_builddir)/po/.intltool-merge-cache $(top_srcdir)/po $< $@'
INTLTOOL_DIRECTORY_RULE='%.directory: %.directory.in $(INTLTOOL_MERGE) $(wildcard $(top_srcdir)/po/*.po) ; LC_ALL=C $(INTLTOOL_MERGE) -d -u -c $(top_builddir)/po/.intltool-merge-cache $(top_srcdir)/po $< $@'
INTLTOOL_EXTRACT='/usr/bin/intltool-extract'
INTLTOOL_KBD_RULE='%.kbd:       %.kbd.in       $(INTLTOOL_MERGE) $(wildcard $(top_srcdir)/po/*.po) ; LC_ALL=C $(INTLTOOL_MERGE) -x -u -m -c $(top_builddir)/po/.intltool-merge-cache $(top_srcdir)/po $< $@'
INTLTOOL_KEYS_RULE='%.keys:      %.keys.in      $(INTLTOOL_MERGE) $(wildcard $(top_srcdir)/po/*.po) ; LC_ALL=C $(INTLTOOL_MERGE) -k -u -c $(top_builddir)/po/.intltool-merge-cache $(top_srcdir)/po $< $@'
INTLTOOL_MERGE='/usr/bin/intltool-merge'
INTLTOOL_OAF_RULE='%.oaf:       %.oaf.in       $(INTLTOOL_MERGE) $(wildcard $(top_srcdir)/po/*.po) ; LC_ALL=C $(INTLTOOL_MERGE) -o -p $(top_srcdir)/po $< $@'
INTLTOOL_PERL='/usr/bin/perl'
INTLTOOL_POLICY_RULE='%.policy:    %.policy.in    $(INTLTOOL_MERGE) $(wildcard $(top_srcdir)/po/*.po) ; LC_ALL=C $(INTLTOOL_MERGE) -x -u -c $(top_builddir)/po/.intltool-merge-cache $(top_srcdir)/po $< $@'
INTLTOOL_PONG_RULE='%.pong:      %.pong.in      $(INTLTOOL_MERGE) $(wildcard $(top_srcdir)/po/*.po) ; LC_ALL=C $(INTLTOOL_MERGE) -x -u -c $(top_builddir)/po/.intltool-merge-cache $(top_srcdir)/po $< $@'
INTLTOOL_PROP_RULE='%.prop:      %.prop.in      $(INTLTOOL_MERGE) $(wildcard $(top_srcdir)/po/*.po) ; LC_ALL=C $(INTLTOOL_MERGE) -d -u -c $(top_builddir)/po/.intltool-merge-cache $(top_srcdir)/po $< $@'
INTLTOOL_SCHEMAS_RULE='%.schemas:   %.schemas.in   $(INTLTOOL_MERGE) $(wildcard $(top_srcdir)/po/*.po) ; LC_ALL=C $(INTLTOOL_MERGE) -s -u -c $(top_builddir)/po/.intltool-merge-cache $(top_srcdir)/po $< $@'
INTLTOOL_SERVER_RULE='%.server:    %.server.in    $(INTLTOOL_MERGE) $(wildcard $(top_srcdir)/po/*.po) ; LC_ALL=C $(INTLTOOL_MERGE) -o -u -c $(top_builddir)/po/.intltool-merge-cache $(top_srcdir)/po $< $@'
INTLTOOL_SERVICE_RULE='%.service: %.service.in   $(INTLTOOL_MERGE) $(wildcard $(top_srcdir)/po/*.po) ; LC_ALL=C $(INTLTOOL_MERGE) -d -u -c $(top_builddir)/po/.intltool-merge-cache $(top_srcdir)/po $< $@'
INTLTOOL_SHEET_RULE='%.sheet:     %.sheet.in     $(INTLTOOL_MERGE) $(wildcard $(top_srcdir)/po/*.po) ; LC_ALL=C $(INTLTOOL_MERGE) -x -u -c $(top_builddir)/po/.intltool-merge-cache $(top_srcdir)/po $< $@'
INTLTOOL_SOUNDLIST_RULE='%.soundlist: %.soundlist.in $(INTLTOOL_MERGE) $(wildcard $(top_srcdir)/po/*.po) ; LC_ALL=C $(INTLTOOL_MERGE) -d -u -c $(top_builddir)/po/.intltool-merge-cache $(top_srcdir)/po $< $@'
INTLTOOL_THEME_RULE='%.theme:     %.theme.in     $(INTLTOOL_MERGE) $(wildcard $(top_srcdir)/po/*.po) ; LC_ALL=C $(INTLTOOL_MERGE) -d -u -c $(top_builddir)/po/.intltool-merge-cache $(top_srcdir)/po $< $@'
INTLTOOL_UI_RULE='%.ui:        %.ui.in        $(INTLTOOL_MERGE) $(wildcard $(top_srcdir)/po/*.po) ; LC_ALL=C $(INTLTOOL_MERGE) -x -u -c $(top_builddir)/po/.intltool-merge-cache $(top_srcdir)/po $< $@'
INTLTOOL_UPDATE='/usr/bin/intltool-update'
INTLTOOL_XAM_RULE='%.xam:       %.xml.in       $(INTLTOOL_MERGE) $(wildcard $(top_srcdir)/po/*.po) ; LC_ALL=C $(INTLTOOL_MERGE) -x -u -c $(top_builddir)/po/.intltool-merge-cache $(top_srcdir)/po $< $@'
INTLTOOL_XML_NOMERGE_RULE='%.xml:       %.xml.in       $(INTLTOOL_MERGE) ; LC_ALL=C $(INTLTOOL_MERGE) -x -u /tmp $< $@'
INTLTOOL_XML_RULE='%.xml:       %.xml.in       $(INTLTOOL_MERGE) $(wildcard $(top_srcdir)/po/*.po) ; LC_ALL=C $(INTLTOOL_MERGE) -x -u -c $(top_builddir)/po/.intltool-merge-cache $(top_srcdir)/po $< $@'
LDFLAGS=''
LIBOBJS=''
LIBS=''
LIBTOOL='$(SHELL) $(top_builddir)/libtool'
LN_S='ln -s'
LTLIBOBJS=''
MAINT='#'
MAINTAINER_MODE_FALSE=''
MAINTAINER_MODE_TRUE='#'
MAKEINFO='${SHELL} /home/users6/asjoberg/pioneers/pioneers/missing --run makeinfo'
MKDIR_P='/bin/mkdir -p'
MKINSTALLDIRS='./mkinstalldirs'
MSGFMT='/usr/bin/msgfmt'
MSGFMT_OPTS='-c'
MSGMERGE='/usr/bin/msgmerge'
NMEDIT=''
OBJEXT='o'
PACKAGE='pioneers'
PACKAGE_BUGREPORT='pio-develop@lists.sourceforge.net'
PACKAGE_NAME='pioneers'
PACKAGE_STRING='pioneers 0.12.4'
PACKAGE_TARNAME='pioneers'
PACKAGE_VERSION='0.12.4'
PATH_SEPARATOR=':'
PKG_CONFIG='/usr/bin/pkg-config'
POFILES=''
POSUB='po'
PO_IN_DATADIR_FALSE=''
PO_IN_DATADIR_TRUE=''
RANLIB='ranlib'
SCROLLKEEPER_CONFIG='/usr/bin/scrollkeeper-config'
SCROLLKEEPER_REQUIRED='0.3.8'
SED='/bin/sed'
SET_MAKE=''
SHELL='/bin/bash'
STRIP='strip'
USE_NLS='yes'
USE_WINDOWS_ICON_FALSE=''
USE_WINDOWS_ICON_TRUE='#'
VERSION='0.12.4'
WARNINGS=''
XGETTEXT='/usr/bin/xgettext'
ac_ct_CC='gcc'
ac_ct_CXX='g++'
ac_ct_F77=''
am__fastdepCC_FALSE='#'
am__fastdepCC_TRUE=''
am__fastdepCXX_FALSE='#'
am__fastdepCXX_TRUE=''
am__include='include'
am__isrc=''
am__leading_dot='.'
am__quote=''
am__tar='${AMTAR} chof - "$$tardir"'
am__untar='${AMTAR} xf -'
bindir='${exec_prefix}/bin'
build='x86_64-unknown-linux-gnu'
build_alias=''
build_cpu='x86_64'
build_os='linux-gnu'
build_vendor='unknown'
datadir='${datarootdir}'
datarootdir='${prefix}/share'
docdir='${datarootdir}/doc/${PACKAGE_TARNAME}'
dvidir='${docdir}'
exec_prefix='${prefix}'
host='x86_64-unknown-linux-gnu'
host_alias=''
host_cpu='x86_64'
host_os='linux-gnu'
host_vendor='unknown'
htmldir='${docdir}'
includedir='${prefix}/include'
infodir='${datarootdir}/info'
install_sh='$(SHELL) /home/users6/asjoberg/pioneers/pioneers/install-sh'
libdir='${exec_prefix}/lib'
libexecdir='${exec_prefix}/libexec'
localedir='${datarootdir}/locale'
localstatedir='${prefix}/var'
mandir='${datarootdir}/man'
mkdir_p='/bin/mkdir -p'
oldincludedir='/usr/include'
pdfdir='${docdir}'
pioneers_datadir='${datarootdir}'
pioneers_localedir='${datarootdir}/locale'
pioneers_themedir='${datarootdir}/games/pioneers/themes'
pioneers_themedir_embed='${datarootdir}/games/pioneers/themes'
pngtopnm='/usr/bin/pngtopnm'
prefix='/home/users6/asjoberg/pioneers'
program_transform_name='s,x,x,'
psdir='${docdir}'
sbindir='${exec_prefix}/sbin'
sharedstatedir='${prefix}/com'
svg_renderer_height='x'
svg_renderer_path='/usr/bin/convert'
svg_renderer_width='-background "\#000001" -transparent "\#000001" -resize $(whitespace_trick)'
sysconfdir='${prefix}/etc'
target_alias=''
whitespace_trick=' '

## ----------- ##
## confdefs.h. ##
## ----------- ##

#define PACKAGE_NAME "pioneers"
#define PACKAGE_TARNAME "pioneers"
#define PACKAGE_VERSION "0.12.4"
#define PACKAGE_STRING "pioneers 0.12.4"
#define PACKAGE_BUGREPORT "pio-develop@lists.sourceforge.net"
#define PACKAGE "pioneers"
#define VERSION "0.12.4"
#define STDC_HEADERS 1
#define HAVE_SYS_TYPES_H 1
#define HAVE_SYS_STAT_H 1
#define HAVE_STDLIB_H 1
#define HAVE_STRING_H 1
#define HAVE_MEMORY_H 1
#define HAVE_STRINGS_H 1
#define HAVE_INTTYPES_H 1
#define HAVE_STDINT_H 1
#define HAVE_UNISTD_H 1
#define HAVE_DLFCN_H 1
#define STDC_HEADERS 1
#define NETWORK_PROTOCOL AF_UNSPEC
#define HAVE_NETDB_H 1
#define HAVE_FCNTL_H 1
#define HAVE_NETINET_IN_H 1
#define HAVE_SYS_SOCKET_H 1
#define HAVE_LIMITS_H 1
#define HAVE_SYSLOG_H 1
#define HAVE_SYS_WAIT_H 1
#define TIME_WITH_SYS_TIME 1
#define HAVE_FORK 1
#define HAVE_VFORK 1
#define HAVE_WORKING_VFORK 1
#define HAVE_WORKING_FORK 1
#define HAVE_SYS_SELECT_H 1
#define HAVE_SYS_SOCKET_H 1
#define SELECT_TYPE_ARG1 int
#define SELECT_TYPE_ARG234 (fd_set *)
#define SELECT_TYPE_ARG5 (struct timeval *)
#define HAVE_STRCHR 1
#define HAVE_STRSPN 1
#define HAVE_STRSTR 1
#define HAVE_STRCSPN 1
#define HAVE_MEMMOVE 1
#define HAVE_MEMSET 1
#define HAVE_GETHOSTNAME 1
#define HAVE_GETHOSTBYNAME 1
#define HAVE_SELECT 1
#define HAVE_SOCKET 1
#define HAVE_GETADDRINFO 1
#define HAVE_GETADDRINFO_ET_AL 1
#define HAVE_GAI_STRERROR 1
#define HAVE_GETADDRINFO_ET_AL 1
#define HAVE_FREEADDRINFO 1
#define HAVE_GETADDRINFO_ET_AL 1
#define HAVE_FCNTL 1
#define GETSOCKOPT_ARG3 void *
#define HAVE_SETLOCALE 1
#define PROTOCOL_VERSION "0.12"
#define META_PROTOCOL_VERSION "1.3"
#define PIONEERS_DEFAULT_GAME_PORT "5556"
#define PIONEERS_DEFAULT_GAME_HOST "localhost"
#define PIONEERS_DEFAULT_ADMIN_PORT "5555"
#define PIONEERS_DEFAULT_META_PORT "5557"
#define PIONEERS_DEFAULT_META_SERVER "pioneers.debian.net"
#define GETTEXT_PACKAGE "pioneers"
#define HAVE_LOCALE_H 1
#define HAVE_LC_MESSAGES 1
#define HAVE_BIND_TEXTDOMAIN_CODESET 1
#define HAVE_GETTEXT 1
#define HAVE_DCGETTEXT 1
#define ENABLE_NLS 1

configure: exit 0
