This file contains any messages produced by compilers while
running configure, to aid debugging if configure makes a mistake.

It was created by pioneers configure 0.12.2, which was
generated by GNU Autoconf 2.61.  Invocation command line was

  $ ./configure 

## --------- ##
## Platform. ##
## --------- ##

hostname = jesse-denardo
uname -m = x86_64
uname -r = 2.6.31-gentoo-r3
uname -s = Linux
uname -v = #1 Thu Oct 15 08:59:00 EDT 2009

/usr/bin/uname -p = AMD Athlon(tm) 64 Processor 3800+
/bin/uname -X     = unknown

/bin/arch              = unknown
/usr/bin/arch -k       = unknown
/usr/convex/getsysinfo = unknown
/usr/bin/hostinfo      = unknown
/bin/machine           = unknown
/usr/bin/oslevel       = unknown
/bin/universe          = unknown

PATH: /usr/local/bin
PATH: /usr/bin
PATH: /bin
PATH: /opt/bin
PATH: /usr/x86_64-pc-linux-gnu/gcc-bin/4.4.2
PATH: /usr/kde/3.5/bin
PATH: /usr/qt/3/bin
PATH: /usr/games/bin


## ----------- ##
## Core tests. ##
## ----------- ##

configure:2093: checking for a BSD-compatible install
configure:2149: result: /usr/bin/install -c
configure:2160: checking whether build environment is sane
configure:2203: result: yes
configure:2268: checking for gawk
configure:2284: found /usr/bin/gawk
configure:2295: result: gawk
configure:2306: checking whether make sets $(MAKE)
configure:2327: result: yes
configure:2529: checking whether to enable maintainer-specific portions of Makefiles
configure:2538: result: no
configure:2632: checking build system type
configure:2650: result: x86_64-unknown-linux-gnu
configure:2672: checking host system type
configure:2687: result: x86_64-unknown-linux-gnu
configure:2721: checking for style of include used by make
configure:2749: result: GNU
configure:2822: checking for gcc
configure:2838: found /usr/bin/gcc
configure:2849: result: gcc
configure:3087: checking for C compiler version
configure:3094: gcc --version >&5
gcc (Gentoo 4.4.2 p1.0) 4.4.2
Copyright (C) 2009 Free Software Foundation, Inc.
This is free software; see the source for copying conditions.  There is NO
warranty; not even for MERCHANTABILITY or FITNESS FOR A PARTICULAR PURPOSE.

configure:3097: $? = 0
configure:3104: gcc -v >&5
Using built-in specs.
Target: x86_64-pc-linux-gnu
Configured with: /var/tmp/portage/sys-devel/gcc-4.4.2/work/gcc-4.4.2/configure --prefix=/usr --bindir=/usr/x86_64-pc-linux-gnu/gcc-bin/4.4.2 --includedir=/usr/lib/gcc/x86_64-pc-linux-gnu/4.4.2/include --datadir=/usr/share/gcc-data/x86_64-pc-linux-gnu/4.4.2 --mandir=/usr/share/gcc-data/x86_64-pc-linux-gnu/4.4.2/man --infodir=/usr/share/gcc-data/x86_64-pc-linux-gnu/4.4.2/info --with-gxx-include-dir=/usr/lib/gcc/x86_64-pc-linux-gnu/4.4.2/include/g++-v4 --host=x86_64-pc-linux-gnu --build=x86_64-pc-linux-gnu --disable-altivec --disable-fixed-point --without-ppl --without-cloog --enable-nls --without-included-gettext --with-system-zlib --disable-checking --disable-werror --enable-secureplt --enable-multilib --enable-libmudflap --disable-libssp --enable-libgomp --enable-cld --with-python-dir=/share/gcc-data/x86_64-pc-linux-gnu/4.4.2/python --disable-libgcj --enable-languages=c,c++,fortran --enable-shared --enable-threads=posix --enable-__cxa_atexit --enable-clocale=gnu --with-bugurl=http://bugs.gentoo.org/ --with-pkgversion='Gentoo 4.4.2 p1.0'
Thread model: posix
gcc version 4.4.2 (Gentoo 4.4.2 p1.0) 
configure:3107: $? = 0
configure:3114: gcc -V >&5
gcc: '-V' option must have argument
configure:3117: $? = 1
configure:3140: checking for C compiler default output file name
configure:3167: gcc    conftest.c  >&5
configure:3170: $? = 0
configure:3208: result: a.out
configure:3225: checking whether the C compiler works
configure:3235: ./a.out
configure:3238: $? = 0
configure:3255: result: yes
configure:3262: checking whether we are cross compiling
configure:3264: result: no
configure:3267: checking for suffix of executables
configure:3274: gcc -o conftest    conftest.c  >&5
configure:3277: $? = 0
configure:3301: result: 
configure:3307: checking for suffix of object files
configure:3333: gcc -c   conftest.c >&5
configure:3336: $? = 0
configure:3359: result: o
configure:3363: checking whether we are using the GNU C compiler
configure:3392: gcc -c   conftest.c >&5
configure:3398: $? = 0
configure:3415: result: yes
configure:3420: checking whether gcc accepts -g
configure:3450: gcc -c -g  conftest.c >&5
configure:3456: $? = 0
configure:3555: result: yes
configure:3572: checking for gcc option to accept ISO C89
configure:3646: gcc  -c -g -O2  conftest.c >&5
configure:3652: $? = 0
configure:3675: result: none needed
configure:3695: checking dependency style of gcc
configure:3785: result: gcc3
configure:3802: checking for a sed that does not truncate output
configure:3858: result: /bin/sed
configure:3861: checking for grep that handles long lines and -e
configure:3935: result: /bin/grep
configure:3940: checking for egrep
configure:4018: result: /bin/grep -E
configure:4034: checking for ld used by gcc
configure:4101: result: /usr/x86_64-pc-linux-gnu/bin/ld
configure:4110: checking if the linker (/usr/x86_64-pc-linux-gnu/bin/ld) is GNU ld
configure:4125: result: yes
configure:4130: checking for /usr/x86_64-pc-linux-gnu/bin/ld option to reload object files
configure:4137: result: -r
configure:4155: checking for BSD-compatible nm
configure:4204: result: /usr/bin/nm -B
configure:4208: checking whether ln -s works
configure:4212: result: yes
configure:4219: checking how to recognize dependent libraries
configure:4405: result: pass_all
configure:4494: gcc -c -g -O2  conftest.c >&5
configure:4497: $? = 0
configure:4650: checking how to run the C preprocessor
configure:4690: gcc -E  conftest.c
configure:4696: $? = 0
configure:4727: gcc -E  conftest.c
conftest.c:10:28: error: ac_nonexistent.h: No such file or directory
configure:4733: $? = 1
configure: failed program was:
| /* confdefs.h.  */
| #define PACKAGE_NAME "pioneers"
| #define PACKAGE_TARNAME "pioneers"
| #define PACKAGE_VERSION "0.12.2"
| #define PACKAGE_STRING "pioneers 0.12.2"
| #define PACKAGE_BUGREPORT "pio-develop@lists.sourceforge.net"
| #define PACKAGE "pioneers"
| #define VERSION "0.12.2"
| /* end confdefs.h.  */
| #include <ac_nonexistent.h>
configure:4766: result: gcc -E
configure:4795: gcc -E  conftest.c
configure:4801: $? = 0
configure:4832: gcc -E  conftest.c
conftest.c:10:28: error: ac_nonexistent.h: No such file or directory
configure:4838: $? = 1
configure: failed program was:
| /* confdefs.h.  */
| #define PACKAGE_NAME "pioneers"
| #define PACKAGE_TARNAME "pioneers"
| #define PACKAGE_VERSION "0.12.2"
| #define PACKAGE_STRING "pioneers 0.12.2"
| #define PACKAGE_BUGREPORT "pio-develop@lists.sourceforge.net"
| #define PACKAGE "pioneers"
| #define VERSION "0.12.2"
| /* end confdefs.h.  */
| #include <ac_nonexistent.h>
configure:4876: checking for ANSI C header files
configure:4906: gcc -c -g -O2  conftest.c >&5
configure:4912: $? = 0
configure:5011: gcc -o conftest -g -O2   conftest.c  >&5
configure:5014: $? = 0
configure:5020: ./conftest
configure:5023: $? = 0
configure:5040: result: yes
configure:5064: checking for sys/types.h
configure:5085: gcc -c -g -O2  conftest.c >&5
configure:5091: $? = 0
configure:5107: result: yes
configure:5064: checking for sys/stat.h
configure:5085: gcc -c -g -O2  conftest.c >&5
configure:5091: $? = 0
configure:5107: result: yes
configure:5064: checking for stdlib.h
configure:5085: gcc -c -g -O2  conftest.c >&5
configure:5091: $? = 0
configure:5107: result: yes
configure:5064: checking for string.h
configure:5085: gcc -c -g -O2  conftest.c >&5
configure:5091: $? = 0
configure:5107: result: yes
configure:5064: checking for memory.h
configure:5085: gcc -c -g -O2  conftest.c >&5
configure:5091: $? = 0
configure:5107: result: yes
configure:5064: checking for strings.h
configure:5085: gcc -c -g -O2  conftest.c >&5
configure:5091: $? = 0
configure:5107: result: yes
configure:5064: checking for inttypes.h
configure:5085: gcc -c -g -O2  conftest.c >&5
configure:5091: $? = 0
configure:5107: result: yes
configure:5064: checking for stdint.h
configure:5085: gcc -c -g -O2  conftest.c >&5
configure:5091: $? = 0
configure:5107: result: yes
configure:5064: checking for unistd.h
configure:5085: gcc -c -g -O2  conftest.c >&5
configure:5091: $? = 0
configure:5107: result: yes
configure:5134: checking dlfcn.h usability
configure:5151: gcc -c -g -O2  conftest.c >&5
configure:5157: $? = 0
configure:5171: result: yes
configure:5175: checking dlfcn.h presence
configure:5190: gcc -E  conftest.c
configure:5196: $? = 0
configure:5210: result: yes
configure:5243: checking for dlfcn.h
configure:5251: result: yes
configure:5322: checking for g++
configure:5338: found /usr/bin/g++
configure:5349: result: g++
configure:5380: checking for C++ compiler version
configure:5387: g++ --version >&5
g++ (Gentoo 4.4.2 p1.0) 4.4.2
Copyright (C) 2009 Free Software Foundation, Inc.
This is free software; see the source for copying conditions.  There is NO
warranty; not even for MERCHANTABILITY or FITNESS FOR A PARTICULAR PURPOSE.

configure:5390: $? = 0
configure:5397: g++ -v >&5
Using built-in specs.
Target: x86_64-pc-linux-gnu
Configured with: /var/tmp/portage/sys-devel/gcc-4.4.2/work/gcc-4.4.2/configure --prefix=/usr --bindir=/usr/x86_64-pc-linux-gnu/gcc-bin/4.4.2 --includedir=/usr/lib/gcc/x86_64-pc-linux-gnu/4.4.2/include --datadir=/usr/share/gcc-data/x86_64-pc-linux-gnu/4.4.2 --mandir=/usr/share/gcc-data/x86_64-pc-linux-gnu/4.4.2/man --infodir=/usr/share/gcc-data/x86_64-pc-linux-gnu/4.4.2/info --with-gxx-include-dir=/usr/lib/gcc/x86_64-pc-linux-gnu/4.4.2/include/g++-v4 --host=x86_64-pc-linux-gnu --build=x86_64-pc-linux-gnu --disable-altivec --disable-fixed-point --without-ppl --without-cloog --enable-nls --without-included-gettext --with-system-zlib --disable-checking --disable-werror --enable-secureplt --enable-multilib --enable-libmudflap --disable-libssp --enable-libgomp --enable-cld --with-python-dir=/share/gcc-data/x86_64-pc-linux-gnu/4.4.2/python --disable-libgcj --enable-languages=c,c++,fortran --enable-shared --enable-threads=posix --enable-__cxa_atexit --enable-clocale=gnu --with-bugurl=http://bugs.gentoo.org/ --with-pkgversion='Gentoo 4.4.2 p1.0'
Thread model: posix
gcc version 4.4.2 (Gentoo 4.4.2 p1.0) 
configure:5400: $? = 0
configure:5407: g++ -V >&5
g++: '-V' option must have argument
configure:5410: $? = 1
configure:5413: checking whether we are using the GNU C++ compiler
configure:5442: g++ -c   conftest.cpp >&5
configure:5448: $? = 0
configure:5465: result: yes
configure:5470: checking whether g++ accepts -g
configure:5500: g++ -c -g  conftest.cpp >&5
configure:5506: $? = 0
configure:5605: result: yes
configure:5630: checking dependency style of g++
configure:5720: result: gcc3
configure:5747: checking how to run the C++ preprocessor
configure:5783: g++ -E  conftest.cpp
configure:5789: $? = 0
configure:5820: g++ -E  conftest.cpp
conftest.cpp:21:28: error: ac_nonexistent.h: No such file or directory
configure:5826: $? = 1
configure: failed program was:
| /* confdefs.h.  */
| #define PACKAGE_NAME "pioneers"
| #define PACKAGE_TARNAME "pioneers"
| #define PACKAGE_VERSION "0.12.2"
| #define PACKAGE_STRING "pioneers 0.12.2"
| #define PACKAGE_BUGREPORT "pio-develop@lists.sourceforge.net"
| #define PACKAGE "pioneers"
| #define VERSION "0.12.2"
| #define STDC_HEADERS 1
| #define HAVE_SYS_TYPES_H 1
| #define HAVE_SYS_STAT_H 1
| #define HAVE_STDLIB_H 1
| #define HAVE_STRING_H 1
| #define HAVE_MEMORY_H 1
| #define HAVE_STRINGS_H 1
| #define HAVE_INTTYPES_H 1
| #define HAVE_STDINT_H 1
| #define HAVE_UNISTD_H 1
| #define HAVE_DLFCN_H 1
| /* end confdefs.h.  */
| #include <ac_nonexistent.h>
configure:5859: result: g++ -E
configure:5888: g++ -E  conftest.cpp
configure:5894: $? = 0
configure:5925: g++ -E  conftest.cpp
conftest.cpp:21:28: error: ac_nonexistent.h: No such file or directory
configure:5931: $? = 1
configure: failed program was:
| /* confdefs.h.  */
| #define PACKAGE_NAME "pioneers"
| #define PACKAGE_TARNAME "pioneers"
| #define PACKAGE_VERSION "0.12.2"
| #define PACKAGE_STRING "pioneers 0.12.2"
| #define PACKAGE_BUGREPORT "pio-develop@lists.sourceforge.net"
| #define PACKAGE "pioneers"
| #define VERSION "0.12.2"
| #define STDC_HEADERS 1
| #define HAVE_SYS_TYPES_H 1
| #define HAVE_SYS_STAT_H 1
| #define HAVE_STDLIB_H 1
| #define HAVE_STRING_H 1
| #define HAVE_MEMORY_H 1
| #define HAVE_STRINGS_H 1
| #define HAVE_INTTYPES_H 1
| #define HAVE_STDINT_H 1
| #define HAVE_UNISTD_H 1
| #define HAVE_DLFCN_H 1
| /* end confdefs.h.  */
| #include <ac_nonexistent.h>
configure:6024: checking for g77
configure:6054: result: no
configure:6024: checking for xlf
configure:6054: result: no
configure:6024: checking for f77
configure:6054: result: no
configure:6024: checking for frt
configure:6054: result: no
configure:6024: checking for pgf77
configure:6054: result: no
configure:6024: checking for cf77
configure:6054: result: no
configure:6024: checking for fort77
configure:6054: result: no
configure:6024: checking for fl32
configure:6054: result: no
configure:6024: checking for af77
configure:6054: result: no
configure:6024: checking for xlf90
configure:6054: result: no
configure:6024: checking for f90
configure:6054: result: no
configure:6024: checking for pgf90
configure:6054: result: no
configure:6024: checking for pghpf
configure:6054: result: no
configure:6024: checking for epcf90
configure:6054: result: no
configure:6024: checking for gfortran
configure:6040: found /usr/bin/gfortran
configure:6051: result: gfortran
configure:6081: checking for Fortran 77 compiler version
configure:6088: gfortran --version >&5
GNU Fortran (Gentoo 4.4.2 p1.0) 4.4.2
Copyright (C) 2009 Free Software Foundation, Inc.

GNU Fortran comes with NO WARRANTY, to the extent permitted by law.
You may redistribute copies of GNU Fortran
under the terms of the GNU General Public License.
For more information about these matters, see the file named COPYING

configure:6091: $? = 0
configure:6098: gfortran -v >&5
Using built-in specs.
Target: x86_64-pc-linux-gnu
Configured with: /var/tmp/portage/sys-devel/gcc-4.4.2/work/gcc-4.4.2/configure --prefix=/usr --bindir=/usr/x86_64-pc-linux-gnu/gcc-bin/4.4.2 --includedir=/usr/lib/gcc/x86_64-pc-linux-gnu/4.4.2/include --datadir=/usr/share/gcc-data/x86_64-pc-linux-gnu/4.4.2 --mandir=/usr/share/gcc-data/x86_64-pc-linux-gnu/4.4.2/man --infodir=/usr/share/gcc-data/x86_64-pc-linux-gnu/4.4.2/info --with-gxx-include-dir=/usr/lib/gcc/x86_64-pc-linux-gnu/4.4.2/include/g++-v4 --host=x86_64-pc-linux-gnu --build=x86_64-pc-linux-gnu --disable-altivec --disable-fixed-point --without-ppl --without-cloog --enable-nls --without-included-gettext --with-system-zlib --disable-checking --disable-werror --enable-secureplt --enable-multilib --enable-libmudflap --disable-libssp --enable-libgomp --enable-cld --with-python-dir=/share/gcc-data/x86_64-pc-linux-gnu/4.4.2/python --disable-libgcj --enable-languages=c,c++,fortran --enable-shared --enable-threads=posix --enable-__cxa_atexit --enable-clocale=gnu --with-bugurl=http://bugs.gentoo.org/ --with-pkgversion='Gentoo 4.4.2 p1.0'
Thread model: posix
gcc version 4.4.2 (Gentoo 4.4.2 p1.0) 
configure:6101: $? = 0
configure:6108: gfortran -V >&5
gfortran: '-V' option must have argument
configure:6111: $? = 1
configure:6119: checking whether we are using the GNU Fortran 77 compiler
configure:6138: gfortran -c  conftest.F >&5
configure:6144: $? = 0
configure:6161: result: yes
configure:6167: checking whether gfortran accepts -g
configure:6184: gfortran -c -g conftest.f >&5
configure:6190: $? = 0
configure:6206: result: yes
configure:6235: checking the maximum length of command line arguments
configure:6347: result: 1572864
configure:6359: checking command to parse /usr/bin/nm -B output from gcc object
configure:6464: gcc -c -g -O2  conftest.c >&5
configure:6467: $? = 0
configure:6471: /usr/bin/nm -B conftest.o \| sed -n -e 's/^.*[ 	]\([ABCDGIRSTW][ABCDGIRSTW]*\)[ 	][ 	]*\([_A-Za-z][_A-Za-z0-9]*\)$/\1 \2 \2/p' \> conftest.nm
configure:6474: $? = 0
configure:6526: gcc -o conftest -g -O2   conftest.c conftstm.o >&5
configure:6529: $? = 0
configure:6567: result: ok
configure:6571: checking for objdir
configure:6586: result: .libs
configure:6678: checking for ar
configure:6694: found /usr/bin/ar
configure:6705: result: ar
configure:6774: checking for ranlib
configure:6790: found /usr/bin/ranlib
configure:6801: result: ranlib
configure:6870: checking for strip
configure:6886: found /usr/bin/strip
configure:6897: result: strip
configure:7495: checking if gcc supports -fno-rtti -fno-exceptions
configure:7513: gcc -c -g -O2  -fno-rtti -fno-exceptions conftest.c >&5
cc1: warning: command line option "-fno-rtti" is valid for C++/ObjC++ but not for C
configure:7517: $? = 0
configure:7530: result: no
configure:7545: checking for gcc option to produce PIC
configure:7777: result: -fPIC
configure:7785: checking if gcc PIC flag -fPIC works
configure:7803: gcc -c -g -O2  -fPIC -DPIC conftest.c >&5
configure:7807: $? = 0
configure:7820: result: yes
configure:7848: checking if gcc static flag -static works
configure:7876: result: yes
configure:7886: checking if gcc supports -c -o file.o
configure:7907: gcc -c -g -O2  -o out/conftest2.o conftest.c >&5
configure:7911: $? = 0
configure:7933: result: yes
configure:7959: checking whether the gcc linker (/usr/x86_64-pc-linux-gnu/bin/ld -m elf_x86_64) supports shared libraries
configure:8940: result: yes
configure:8961: checking whether -lc should be explicitly linked in
configure:8966: gcc -c -g -O2  conftest.c >&5
configure:8969: $? = 0
configure:8984: gcc -shared conftest.o  -v -Wl,-soname -Wl,conftest -o conftest 2\>\&1 \| grep  -lc  \>/dev/null 2\>\&1
configure:8987: $? = 0
configure:8999: result: no
configure:9007: checking dynamic linker characteristics
configure:9621: result: GNU/Linux ld.so
configure:9645: checking how to hardcode library paths into programs
configure:9670: result: immediate
configure:9684: checking whether stripping libraries is possible
configure:9689: result: yes
configure:10491: checking if libtool supports shared libraries
configure:10493: result: yes
configure:10496: checking whether to build shared libraries
configure:10517: result: yes
configure:10520: checking whether to build static libraries
configure:10524: result: yes
configure:10618: creating libtool
configure:11211: checking for ld used by g++
configure:11278: result: /usr/x86_64-pc-linux-gnu/bin/ld -m elf_x86_64
configure:11287: checking if the linker (/usr/x86_64-pc-linux-gnu/bin/ld -m elf_x86_64) is GNU ld
configure:11302: result: yes
configure:11353: checking whether the g++ linker (/usr/x86_64-pc-linux-gnu/bin/ld -m elf_x86_64) supports shared libraries
configure:12299: result: yes
configure:12316: g++ -c -g -O2  conftest.cpp >&5
configure:12319: $? = 0
configure:12475: checking for g++ option to produce PIC
configure:12759: result: -fPIC
configure:12767: checking if g++ PIC flag -fPIC works
configure:12785: g++ -c -g -O2  -fPIC -DPIC conftest.cpp >&5
configure:12789: $? = 0
configure:12802: result: yes
configure:12830: checking if g++ static flag -static works
configure:12858: result: yes
configure:12868: checking if g++ supports -c -o file.o
configure:12889: g++ -c -g -O2  -o out/conftest2.o conftest.cpp >&5
configure:12893: $? = 0
configure:12915: result: yes
configure:12941: checking whether the g++ linker (/usr/x86_64-pc-linux-gnu/bin/ld -m elf_x86_64) supports shared libraries
configure:12970: result: yes
configure:13037: checking dynamic linker characteristics
configure:13599: result: GNU/Linux ld.so
configure:13623: checking how to hardcode library paths into programs
configure:13648: result: immediate
configure:14187: checking if libtool supports shared libraries
configure:14189: result: yes
configure:14192: checking whether to build shared libraries
configure:14212: result: yes
configure:14215: checking whether to build static libraries
configure:14219: result: yes
configure:14229: checking for gfortran option to produce PIC
configure:14461: result: -fPIC
configure:14469: checking if gfortran PIC flag -fPIC works
configure:14487: gfortran -c -g -O2 -fPIC conftest.f >&5
configure:14491: $? = 0
configure:14504: result: yes
configure:14532: checking if gfortran static flag -static works
configure:14560: result: yes
configure:14570: checking if gfortran supports -c -o file.o
configure:14591: gfortran -c -g -O2 -o out/conftest2.o conftest.f >&5
configure:14595: $? = 0
configure:14617: result: yes
configure:14643: checking whether the gfortran linker (/usr/x86_64-pc-linux-gnu/bin/ld -m elf_x86_64) supports shared libraries
configure:15604: result: yes
configure:15671: checking dynamic linker characteristics
configure:16233: result: GNU/Linux ld.so
configure:16257: checking how to hardcode library paths into programs
configure:16282: result: immediate
configure:19944: checking for gcc
configure:19971: result: gcc
configure:20209: checking for C compiler version
configure:20216: gcc --version >&5
gcc (Gentoo 4.4.2 p1.0) 4.4.2
Copyright (C) 2009 Free Software Foundation, Inc.
This is free software; see the source for copying conditions.  There is NO
warranty; not even for MERCHANTABILITY or FITNESS FOR A PARTICULAR PURPOSE.

configure:20219: $? = 0
configure:20226: gcc -v >&5
Using built-in specs.
Target: x86_64-pc-linux-gnu
Configured with: /var/tmp/portage/sys-devel/gcc-4.4.2/work/gcc-4.4.2/configure --prefix=/usr --bindir=/usr/x86_64-pc-linux-gnu/gcc-bin/4.4.2 --includedir=/usr/lib/gcc/x86_64-pc-linux-gnu/4.4.2/include --datadir=/usr/share/gcc-data/x86_64-pc-linux-gnu/4.4.2 --mandir=/usr/share/gcc-data/x86_64-pc-linux-gnu/4.4.2/man --infodir=/usr/share/gcc-data/x86_64-pc-linux-gnu/4.4.2/info --with-gxx-include-dir=/usr/lib/gcc/x86_64-pc-linux-gnu/4.4.2/include/g++-v4 --host=x86_64-pc-linux-gnu --build=x86_64-pc-linux-gnu --disable-altivec --disable-fixed-point --without-ppl --without-cloog --enable-nls --without-included-gettext --with-system-zlib --disable-checking --disable-werror --enable-secureplt --enable-multilib --enable-libmudflap --disable-libssp --enable-libgomp --enable-cld --with-python-dir=/share/gcc-data/x86_64-pc-linux-gnu/4.4.2/python --disable-libgcj --enable-languages=c,c++,fortran --enable-shared --enable-threads=posix --enable-__cxa_atexit --enable-clocale=gnu --with-bugurl=http://bugs.gentoo.org/ --with-pkgversion='Gentoo 4.4.2 p1.0'
Thread model: posix
gcc version 4.4.2 (Gentoo 4.4.2 p1.0) 
configure:20229: $? = 0
configure:20236: gcc -V >&5
gcc: '-V' option must have argument
configure:20239: $? = 1
configure:20242: checking whether we are using the GNU C compiler
configure:20294: result: yes
configure:20299: checking whether gcc accepts -g
configure:20434: result: yes
configure:20451: checking for gcc option to accept ISO C89
configure:20554: result: none needed
configure:20574: checking dependency style of gcc
configure:20664: result: gcc3
configure:20682: checking whether gcc and cc understand -c and -o together
configure:20717: gcc -c conftest.c -o conftest2.o >&5
configure:20720: $? = 0
configure:20726: gcc -c conftest.c -o conftest2.o >&5
configure:20729: $? = 0
configure:20740: cc -c conftest.c >&5
configure:20743: $? = 0
configure:20751: cc -c conftest.c -o conftest2.o >&5
configure:20754: $? = 0
configure:20760: cc -c conftest.c -o conftest2.o >&5
configure:20763: $? = 0
configure:20781: result: yes
configure:20839: checking for ANSI C header files
configure:21003: result: yes
configure:21027: checking for rsvg
configure:21045: found /usr/bin/rsvg
configure:21057: result: /usr/bin/rsvg
configure:21131: checking for pngtopnm
configure:21164: result: no
configure:21343: checking for scrollkeeper-config
configure:21361: found /usr/bin/scrollkeeper-config
configure:21374: result: /usr/bin/scrollkeeper-config
configure:21441: checking for pkg-config
configure:21459: found /usr/bin/pkg-config
configure:21471: result: /usr/bin/pkg-config
configure:21500: checking pkg-config is at least version 0.9.0
configure:21503: result: yes
configure:21514: checking for GLIB2
configure:21522: $PKG_CONFIG --exists --print-errors "glib-2.0 >= $GLIB_REQUIRED_VERSION"
configure:21525: $? = 0
configure:21540: $PKG_CONFIG --exists --print-errors "glib-2.0 >= $GLIB_REQUIRED_VERSION"
configure:21543: $? = 0
configure:21619: result: yes
configure:21630: checking for GTK2
configure:21638: $PKG_CONFIG --exists --print-errors "gtk+-2.0 >= $GTK_REQUIRED_VERSION"
configure:21641: $? = 0
configure:21656: $PKG_CONFIG --exists --print-errors "gtk+-2.0 >= $GTK_REQUIRED_VERSION"
configure:21659: $? = 0
configure:21719: result: yes
configure:21753: checking for GNOME2
configure:21761: $PKG_CONFIG --exists --print-errors "libgnome-2.0"
configure:21764: $? = 0
configure:21779: $PKG_CONFIG --exists --print-errors "libgnome-2.0"
configure:21782: $? = 0
configure:21822: result: yes
configure:21916: checking netdb.h usability
configure:21933: gcc -c -g -O2  conftest.c >&5
configure:21939: $? = 0
configure:21953: result: yes
configure:21957: checking netdb.h presence
configure:21972: gcc -E  conftest.c
configure:21978: $? = 0
configure:21992: result: yes
configure:22025: checking for netdb.h
configure:22033: result: yes
configure:21916: checking fcntl.h usability
configure:21933: gcc -c -g -O2  conftest.c >&5
configure:21939: $? = 0
configure:21953: result: yes
configure:21957: checking fcntl.h presence
configure:21972: gcc -E  conftest.c
configure:21978: $? = 0
configure:21992: result: yes
configure:22025: checking for fcntl.h
configure:22033: result: yes
configure:21916: checking netinet/in.h usability
configure:21933: gcc -c -g -O2  conftest.c >&5
configure:21939: $? = 0
configure:21953: result: yes
configure:21957: checking netinet/in.h presence
configure:21972: gcc -E  conftest.c
configure:21978: $? = 0
configure:21992: result: yes
configure:22025: checking for netinet/in.h
configure:22033: result: yes
configure:21916: checking sys/socket.h usability
configure:21933: gcc -c -g -O2  conftest.c >&5
configure:21939: $? = 0
configure:21953: result: yes
configure:21957: checking sys/socket.h presence
configure:21972: gcc -E  conftest.c
configure:21978: $? = 0
configure:21992: result: yes
configure:22025: checking for sys/socket.h
configure:22033: result: yes
configure:22061: checking limits.h usability
configure:22078: gcc -c -g -O2  conftest.c >&5
configure:22084: $? = 0
configure:22098: result: yes
configure:22102: checking limits.h presence
configure:22117: gcc -E  conftest.c
configure:22123: $? = 0
configure:22137: result: yes
configure:22170: checking for limits.h
configure:22178: result: yes
configure:22206: checking syslog.h usability
configure:22223: gcc -c -g -O2  conftest.c >&5
configure:22229: $? = 0
configure:22243: result: yes
configure:22247: checking syslog.h presence
configure:22262: gcc -E  conftest.c
configure:22268: $? = 0
configure:22282: result: yes
configure:22315: checking for syslog.h
configure:22323: result: yes
configure:22338: checking for sys/wait.h that is POSIX.1 compatible
configure:22374: gcc -c -g -O2  conftest.c >&5
configure:22380: $? = 0
configure:22395: result: yes
configure:22405: checking whether time.h and sys/time.h may both be included
configure:22435: gcc -c -g -O2  conftest.c >&5
configure:22441: $? = 0
configure:22456: result: yes
configure:22467: checking for an ANSI C-conforming const
configure:22542: gcc -c -g -O2  conftest.c >&5
configure:22548: $? = 0
configure:22563: result: yes
configure:22575: checking for pid_t
configure:22605: gcc -c -g -O2  conftest.c >&5
configure:22611: $? = 0
configure:22626: result: yes
configure:22653: checking vfork.h usability
configure:22670: gcc -c -g -O2  conftest.c >&5
conftest.c:65:19: error: vfork.h: No such file or directory
configure:22676: $? = 1
configure: failed program was:
| /* confdefs.h.  */
| #define PACKAGE_NAME "pioneers"
| #define PACKAGE_TARNAME "pioneers"
| #define PACKAGE_VERSION "0.12.2"
| #define PACKAGE_STRING "pioneers 0.12.2"
| #define PACKAGE_BUGREPORT "pio-develop@lists.sourceforge.net"
| #define PACKAGE "pioneers"
| #define VERSION "0.12.2"
| #define STDC_HEADERS 1
| #define HAVE_SYS_TYPES_H 1
| #define HAVE_SYS_STAT_H 1
| #define HAVE_STDLIB_H 1
| #define HAVE_STRING_H 1
| #define HAVE_MEMORY_H 1
| #define HAVE_STRINGS_H 1
| #define HAVE_INTTYPES_H 1
| #define HAVE_STDINT_H 1
| #define HAVE_UNISTD_H 1
| #define HAVE_DLFCN_H 1
| #define STDC_HEADERS 1
| #define HAVE_LIBGNOME 1
| #define NETWORK_PROTOCOL AF_UNSPEC
| #define HAVE_NETDB_H 1
| #define HAVE_FCNTL_H 1
| #define HAVE_NETINET_IN_H 1
| #define HAVE_SYS_SOCKET_H 1
| #define HAVE_LIMITS_H 1
| #define HAVE_SYSLOG_H 1
| #define HAVE_SYS_WAIT_H 1
| #define TIME_WITH_SYS_TIME 1
| /* end confdefs.h.  */
| #include <stdio.h>
| #ifdef HAVE_SYS_TYPES_H
| # include <sys/types.h>
| #endif
| #ifdef HAVE_SYS_STAT_H
| # include <sys/stat.h>
| #endif
| #ifdef STDC_HEADERS
| # include <stdlib.h>
| # include <stddef.h>
| #else
| # ifdef HAVE_STDLIB_H
| #  include <stdlib.h>
| # endif
| #endif
| #ifdef HAVE_STRING_H
| # if !defined STDC_HEADERS && defined HAVE_MEMORY_H
| #  include <memory.h>
| # endif
| # include <string.h>
| #endif
| #ifdef HAVE_STRINGS_H
| # include <strings.h>
| #endif
| #ifdef HAVE_INTTYPES_H
| # include <inttypes.h>
| #endif
| #ifdef HAVE_STDINT_H
| # include <stdint.h>
| #endif
| #ifdef HAVE_UNISTD_H
| # include <unistd.h>
| #endif
| #include <vfork.h>
configure:22690: result: no
configure:22694: checking vfork.h presence
configure:22709: gcc -E  conftest.c
conftest.c:32:19: error: vfork.h: No such file or directory
configure:22715: $? = 1
configure: failed program was:
| /* confdefs.h.  */
| #define PACKAGE_NAME "pioneers"
| #define PACKAGE_TARNAME "pioneers"
| #define PACKAGE_VERSION "0.12.2"
| #define PACKAGE_STRING "pioneers 0.12.2"
| #define PACKAGE_BUGREPORT "pio-develop@lists.sourceforge.net"
| #define PACKAGE "pioneers"
| #define VERSION "0.12.2"
| #define STDC_HEADERS 1
| #define HAVE_SYS_TYPES_H 1
| #define HAVE_SYS_STAT_H 1
| #define HAVE_STDLIB_H 1
| #define HAVE_STRING_H 1
| #define HAVE_MEMORY_H 1
| #define HAVE_STRINGS_H 1
| #define HAVE_INTTYPES_H 1
| #define HAVE_STDINT_H 1
| #define HAVE_UNISTD_H 1
| #define HAVE_DLFCN_H 1
| #define STDC_HEADERS 1
| #define HAVE_LIBGNOME 1
| #define NETWORK_PROTOCOL AF_UNSPEC
| #define HAVE_NETDB_H 1
| #define HAVE_FCNTL_H 1
| #define HAVE_NETINET_IN_H 1
| #define HAVE_SYS_SOCKET_H 1
| #define HAVE_LIMITS_H 1
| #define HAVE_SYSLOG_H 1
| #define HAVE_SYS_WAIT_H 1
| #define TIME_WITH_SYS_TIME 1
| /* end confdefs.h.  */
| #include <vfork.h>
configure:22729: result: no
configure:22762: checking for vfork.h
configure:22770: result: no
configure:22788: checking for fork
configure:22844: gcc -o conftest -g -O2   conftest.c  >&5
conftest.c:55: warning: conflicting types for built-in function 'fork'
configure:22850: $? = 0
configure:22868: result: yes
configure:22788: checking for vfork
configure:22844: gcc -o conftest -g -O2   conftest.c  >&5
configure:22850: $? = 0
configure:22868: result: yes
configure:22879: checking for working fork
configure:22911: gcc -o conftest -g -O2   conftest.c  >&5
configure:22914: $? = 0
configure:22920: ./conftest
configure:22923: $? = 0
configure:22939: result: yes
configure:22960: checking for working vfork
configure:23098: result: yes
configure:23145: checking sys/select.h usability
configure:23162: gcc -c -g -O2  conftest.c >&5
configure:23168: $? = 0
configure:23182: result: yes
configure:23186: checking sys/select.h presence
configure:23201: gcc -E  conftest.c
configure:23207: $? = 0
configure:23221: result: yes
configure:23254: checking for sys/select.h
configure:23262: result: yes
configure:23135: checking for sys/socket.h
configure:23141: result: yes
configure:23275: checking types of arguments for select
configure:23313: gcc -c -g -O2  conftest.c >&5
configure:23319: $? = 0
configure:23340: result: int,fd_set *,struct timeval *
configure:23370: checking for rint
configure:23426: gcc -o conftest -g -O2   conftest.c  >&5
conftest.c:64: warning: conflicting types for built-in function 'rint'
/tmp/ccF6Y0cl.o: In function `main':
/home/jdenardo/settlers/pioneers-0.12.2/conftest.c:75: undefined reference to `rint'
collect2: ld returned 1 exit status
configure:23432: $? = 1
configure: failed program was:
| /* confdefs.h.  */
| #define PACKAGE_NAME "pioneers"
| #define PACKAGE_TARNAME "pioneers"
| #define PACKAGE_VERSION "0.12.2"
| #define PACKAGE_STRING "pioneers 0.12.2"
| #define PACKAGE_BUGREPORT "pio-develop@lists.sourceforge.net"
| #define PACKAGE "pioneers"
| #define VERSION "0.12.2"
| #define STDC_HEADERS 1
| #define HAVE_SYS_TYPES_H 1
| #define HAVE_SYS_STAT_H 1
| #define HAVE_STDLIB_H 1
| #define HAVE_STRING_H 1
| #define HAVE_MEMORY_H 1
| #define HAVE_STRINGS_H 1
| #define HAVE_INTTYPES_H 1
| #define HAVE_STDINT_H 1
| #define HAVE_UNISTD_H 1
| #define HAVE_DLFCN_H 1
| #define STDC_HEADERS 1
| #define HAVE_LIBGNOME 1
| #define NETWORK_PROTOCOL AF_UNSPEC
| #define HAVE_NETDB_H 1
| #define HAVE_FCNTL_H 1
| #define HAVE_NETINET_IN_H 1
| #define HAVE_SYS_SOCKET_H 1
| #define HAVE_LIMITS_H 1
| #define HAVE_SYSLOG_H 1
| #define HAVE_SYS_WAIT_H 1
| #define TIME_WITH_SYS_TIME 1
| #define HAVE_FORK 1
| #define HAVE_VFORK 1
| #define HAVE_WORKING_VFORK 1
| #define HAVE_WORKING_FORK 1
| #define HAVE_SYS_SELECT_H 1
| #define HAVE_SYS_SOCKET_H 1
| #define SELECT_TYPE_ARG1 int
| #define SELECT_TYPE_ARG234 (fd_set *)
| #define SELECT_TYPE_ARG5 (struct timeval *)
| /* end confdefs.h.  */
| /* Define rint to an innocuous variant, in case <limits.h> declares rint.
|    For example, HP-UX 11i <limits.h> declares gettimeofday.  */
| #define rint innocuous_rint
| 
| /* System header to define __stub macros and hopefully few prototypes,
|     which can conflict with char rint (); below.
|     Prefer <limits.h> to <assert.h> if __STDC__ is defined, since
|     <limits.h> exists even on freestanding compilers.  */
| 
| #ifdef __STDC__
| # include <limits.h>
| #else
| # include <assert.h>
| #endif
| 
| #undef rint
| 
| /* Override any GCC internal prototype to avoid an error.
|    Use char because int might match the return type of a GCC
|    builtin and then its argument prototype would still apply.  */
| #ifdef __cplusplus
| extern "C"
| #endif
| char rint ();
| /* The GNU C library defines this for functions which it implements
|     to always fail with ENOSYS.  Some functions are actually named
|     something starting with __ and the normal name is an alias.  */
| #if defined __stub_rint || defined __stub___rint
| choke me
| #endif
| 
| int
| main ()
| {
| return rint ();
|   ;
|   return 0;
| }
configure:23450: result: no
configure:23370: checking for sqrt
configure:23426: gcc -o conftest -g -O2   conftest.c  >&5
conftest.c:64: warning: conflicting types for built-in function 'sqrt'
/tmp/ccKqvJkt.o: In function `main':
/home/jdenardo/settlers/pioneers-0.12.2/conftest.c:75: undefined reference to `sqrt'
collect2: ld returned 1 exit status
configure:23432: $? = 1
configure: failed program was:
| /* confdefs.h.  */
| #define PACKAGE_NAME "pioneers"
| #define PACKAGE_TARNAME "pioneers"
| #define PACKAGE_VERSION "0.12.2"
| #define PACKAGE_STRING "pioneers 0.12.2"
| #define PACKAGE_BUGREPORT "pio-develop@lists.sourceforge.net"
| #define PACKAGE "pioneers"
| #define VERSION "0.12.2"
| #define STDC_HEADERS 1
| #define HAVE_SYS_TYPES_H 1
| #define HAVE_SYS_STAT_H 1
| #define HAVE_STDLIB_H 1
| #define HAVE_STRING_H 1
| #define HAVE_MEMORY_H 1
| #define HAVE_STRINGS_H 1
| #define HAVE_INTTYPES_H 1
| #define HAVE_STDINT_H 1
| #define HAVE_UNISTD_H 1
| #define HAVE_DLFCN_H 1
| #define STDC_HEADERS 1
| #define HAVE_LIBGNOME 1
| #define NETWORK_PROTOCOL AF_UNSPEC
| #define HAVE_NETDB_H 1
| #define HAVE_FCNTL_H 1
| #define HAVE_NETINET_IN_H 1
| #define HAVE_SYS_SOCKET_H 1
| #define HAVE_LIMITS_H 1
| #define HAVE_SYSLOG_H 1
| #define HAVE_SYS_WAIT_H 1
| #define TIME_WITH_SYS_TIME 1
| #define HAVE_FORK 1
| #define HAVE_VFORK 1
| #define HAVE_WORKING_VFORK 1
| #define HAVE_WORKING_FORK 1
| #define HAVE_SYS_SELECT_H 1
| #define HAVE_SYS_SOCKET_H 1
| #define SELECT_TYPE_ARG1 int
| #define SELECT_TYPE_ARG234 (fd_set *)
| #define SELECT_TYPE_ARG5 (struct timeval *)
| /* end confdefs.h.  */
| /* Define sqrt to an innocuous variant, in case <limits.h> declares sqrt.
|    For example, HP-UX 11i <limits.h> declares gettimeofday.  */
| #define sqrt innocuous_sqrt
| 
| /* System header to define __stub macros and hopefully few prototypes,
|     which can conflict with char sqrt (); below.
|     Prefer <limits.h> to <assert.h> if __STDC__ is defined, since
|     <limits.h> exists even on freestanding compilers.  */
| 
| #ifdef __STDC__
| # include <limits.h>
| #else
| # include <assert.h>
| #endif
| 
| #undef sqrt
| 
| /* Override any GCC internal prototype to avoid an error.
|    Use char because int might match the return type of a GCC
|    builtin and then its argument prototype would still apply.  */
| #ifdef __cplusplus
| extern "C"
| #endif
| char sqrt ();
| /* The GNU C library defines this for functions which it implements
|     to always fail with ENOSYS.  Some functions are actually named
|     something starting with __ and the normal name is an alias.  */
| #if defined __stub_sqrt || defined __stub___sqrt
| choke me
| #endif
| 
| int
| main ()
| {
| return sqrt ();
|   ;
|   return 0;
| }
configure:23450: result: no
configure:23468: checking for strchr
configure:23524: gcc -o conftest -g -O2   conftest.c  >&5
conftest.c:64: warning: conflicting types for built-in function 'strchr'
configure:23530: $? = 0
configure:23548: result: yes
configure:23468: checking for strspn
configure:23524: gcc -o conftest -g -O2   conftest.c  >&5
conftest.c:65: warning: conflicting types for built-in function 'strspn'
configure:23530: $? = 0
configure:23548: result: yes
configure:23468: checking for strstr
configure:23524: gcc -o conftest -g -O2   conftest.c  >&5
conftest.c:66: warning: conflicting types for built-in function 'strstr'
configure:23530: $? = 0
configure:23548: result: yes
configure:23468: checking for strcspn
configure:23524: gcc -o conftest -g -O2   conftest.c  >&5
conftest.c:67: warning: conflicting types for built-in function 'strcspn'
configure:23530: $? = 0
configure:23548: result: yes
configure:23563: checking for memmove
configure:23619: gcc -o conftest -g -O2   conftest.c  >&5
conftest.c:68: warning: conflicting types for built-in function 'memmove'
configure:23625: $? = 0
configure:23643: result: yes
configure:23563: checking for memset
configure:23619: gcc -o conftest -g -O2   conftest.c  >&5
conftest.c:69: warning: conflicting types for built-in function 'memset'
configure:23625: $? = 0
configure:23643: result: yes
configure:23661: checking for gethostname
configure:23717: gcc -o conftest -g -O2   conftest.c  >&5
configure:23723: $? = 0
configure:23741: result: yes
configure:23661: checking for gethostbyname
configure:23717: gcc -o conftest -g -O2   conftest.c  >&5
configure:23723: $? = 0
configure:23741: result: yes
configure:23661: checking for select
configure:23717: gcc -o conftest -g -O2   conftest.c  >&5
configure:23723: $? = 0
configure:23741: result: yes
configure:23661: checking for socket
configure:23717: gcc -o conftest -g -O2   conftest.c  >&5
configure:23723: $? = 0
configure:23741: result: yes
configure:23759: checking for getaddrinfo
configure:23815: gcc -o conftest -g -O2   conftest.c  >&5
configure:23821: $? = 0
configure:23839: result: yes
configure:23759: checking for gai_strerror
configure:23815: gcc -o conftest -g -O2   conftest.c  >&5
configure:23821: $? = 0
configure:23839: result: yes
configure:23759: checking for freeaddrinfo
configure:23815: gcc -o conftest -g -O2   conftest.c  >&5
configure:23821: $? = 0
configure:23839: result: yes
configure:23872: checking for fcntl
configure:23928: gcc -o conftest -g -O2   conftest.c  >&5
configure:23934: $? = 0
configure:23952: result: yes
configure:24157: checking for setlocale
configure:24213: gcc -o conftest -g -O2   conftest.c  >&5
configure:24219: $? = 0
configure:24237: result: yes
configure:24249: checking whether struct tm is in sys/time.h or time.h
configure:24279: gcc -c -g -O2  conftest.c >&5
configure:24285: $? = 0
configure:24300: result: time.h
configure:24310: checking for pid_t
configure:24361: result: yes
configure:24373: checking for size_t
configure:24403: gcc -c -g -O2  conftest.c >&5
configure:24409: $? = 0
configure:24424: result: yes
configure:24437: checking for socklen_t
configure:24465: gcc -c -g -O2  conftest.c >&5
configure:24471: $? = 0
configure:24487: result: yes
configure:24548: checking for intltool >= 0.35
configure:24555: result: 0.37.1 found
configure:24606: checking for xgettext
configure:24624: found /usr/bin/xgettext
configure:24636: result: /usr/bin/xgettext
configure:24646: checking for msgmerge
configure:24664: found /usr/bin/msgmerge
configure:24676: result: /usr/bin/msgmerge
configure:24686: checking for msgfmt
configure:24704: found /usr/bin/msgfmt
configure:24716: result: /usr/bin/msgfmt
configure:24748: checking for perl
configure:24766: found /usr/bin/perl
configure:24778: result: /usr/bin/perl
configure:24797: checking for XML::Parser
configure:24800: result: ok
configure:24837: gcc -o conftest -g -O2   conftest.c  >&5
configure:24843: $? = 0
configure:24986: checking locale.h usability
configure:25003: gcc -c -g -O2  conftest.c >&5
configure:25009: $? = 0
configure:25023: result: yes
configure:25027: checking locale.h presence
configure:25042: gcc -E  conftest.c
configure:25048: $? = 0
configure:25062: result: yes
configure:25095: checking for locale.h
configure:25103: result: yes
configure:25117: checking for LC_MESSAGES
configure:25143: gcc -o conftest -g -O2   conftest.c  >&5
configure:25149: $? = 0
configure:25166: result: yes
configure:25195: checking libintl.h usability
configure:25212: gcc -c -g -O2  conftest.c >&5
configure:25218: $? = 0
configure:25232: result: yes
configure:25236: checking libintl.h presence
configure:25251: gcc -E  conftest.c
configure:25257: $? = 0
configure:25271: result: yes
configure:25304: checking for libintl.h
configure:25311: result: yes
configure:25322: checking for ngettext in libc
configure:25350: gcc -o conftest -g -O2   conftest.c  >&5
configure:25356: $? = 0
configure:25374: result: yes
configure:25378: checking for dgettext in libc
configure:25406: gcc -o conftest -g -O2   conftest.c  >&5
configure:25412: $? = 0
configure:25430: result: yes
configure:25439: checking for bind_textdomain_codeset
configure:25495: gcc -o conftest -g -O2   conftest.c  >&5
configure:25501: $? = 0
configure:25519: result: yes
configure:26006: checking for msgfmt
configure:26033: result: /usr/bin/msgfmt
configure:26046: checking for dcgettext
configure:26102: gcc -o conftest -g -O2   conftest.c   >&5
conftest.c:95: warning: conflicting types for built-in function 'dcgettext'
configure:26108: $? = 0
configure:26126: result: yes
configure:26137: checking if msgfmt accepts -c
configure:26152: $MSGFMT -c -o /dev/null conftest.foo
configure:26155: $? = 0
configure:26157: result: yes
configure:26167: checking for gmsgfmt
configure:26185: found /usr/bin/gmsgfmt
configure:26198: result: /usr/bin/gmsgfmt
configure:26208: checking for xgettext
configure:26235: result: /usr/bin/xgettext
configure:26264: gcc -o conftest -g -O2   conftest.c   >&5
configure:26270: $? = 0
configure:26837: creating ./config.status

## ---------------------- ##
## Running config.status. ##
## ---------------------- ##

This file was extended by pioneers config.status 0.12.2, which was
generated by GNU Autoconf 2.61.  Invocation command line was

  CONFIG_FILES    = 
  CONFIG_HEADERS  = 
  CONFIG_LINKS    = 
  CONFIG_COMMANDS = 
  $ ./config.status 

on jesse-denardo

config.status:766: creating Makefile
config.status:766: creating pioneers.spec
config.status:766: creating pioneers.nsi
config.status:766: creating po/Makefile.in
config.status:766: creating client/help/C/Makefile
config.status:766: creating config.h
config.status:1049: config.h is unchanged
config.status:1095: executing depfiles commands
config.status:1095: executing intltool commands
config.status:1095: executing default-1 commands
config.status:1095: executing po/stamp-it commands
configure:28308:
pioneers v0.12.2 configuration:

        Source code location:              .
        Install location:                  /usr/local
        Compiler:                          gcc
        Build graphical client             yes
        Build computer player              yes
        Build game editor                  yes
        Build graphical server             yes
        Build console server               yes
        Build metaserver                   yes
        Build help                         yes, scrollkeeper
    Developers only:
        Use compiler warnings              no
        Add debug information              no
        Enable deprecation checks          no
   Maintainers only:
        Microsoft Windows icons            Not needed


## ---------------- ##
## Cache variables. ##
## ---------------- ##

ac_cv_build=x86_64-unknown-linux-gnu
ac_cv_c_compiler_gnu=yes
ac_cv_c_const=yes
ac_cv_cxx_compiler_gnu=yes
ac_cv_env_CCC_set=
ac_cv_env_CCC_value=
ac_cv_env_CC_set=
ac_cv_env_CC_value=
ac_cv_env_CFLAGS_set=
ac_cv_env_CFLAGS_value=
ac_cv_env_CPPFLAGS_set=
ac_cv_env_CPPFLAGS_value=
ac_cv_env_CPP_set=
ac_cv_env_CPP_value=
ac_cv_env_CXXCPP_set=
ac_cv_env_CXXCPP_value=
ac_cv_env_CXXFLAGS_set=
ac_cv_env_CXXFLAGS_value=
ac_cv_env_CXX_set=
ac_cv_env_CXX_value=
ac_cv_env_F77_set=
ac_cv_env_F77_value=
ac_cv_env_FFLAGS_set=
ac_cv_env_FFLAGS_value=
ac_cv_env_GLIB2_CFLAGS_set=
ac_cv_env_GLIB2_CFLAGS_value=
ac_cv_env_GLIB2_LIBS_set=
ac_cv_env_GLIB2_LIBS_value=
ac_cv_env_GNOME2_CFLAGS_set=
ac_cv_env_GNOME2_CFLAGS_value=
ac_cv_env_GNOME2_LIBS_set=
ac_cv_env_GNOME2_LIBS_value=
ac_cv_env_GTK2_CFLAGS_set=
ac_cv_env_GTK2_CFLAGS_value=
ac_cv_env_GTK2_LIBS_set=
ac_cv_env_GTK2_LIBS_value=
ac_cv_env_LDFLAGS_set=
ac_cv_env_LDFLAGS_value=
ac_cv_env_LIBS_set=
ac_cv_env_LIBS_value=
ac_cv_env_PKG_CONFIG_set=
ac_cv_env_PKG_CONFIG_value=
ac_cv_env_build_alias_set=
ac_cv_env_build_alias_value=
ac_cv_env_host_alias_set=
ac_cv_env_host_alias_value=
ac_cv_env_target_alias_set=
ac_cv_env_target_alias_value=
ac_cv_f77_compiler_gnu=yes
ac_cv_func_bind_textdomain_codeset=yes
ac_cv_func_dcgettext=yes
ac_cv_func_fcntl=yes
ac_cv_func_fork=yes
ac_cv_func_fork_works=yes
ac_cv_func_freeaddrinfo=yes
ac_cv_func_gai_strerror=yes
ac_cv_func_getaddrinfo=yes
ac_cv_func_gethostbyname=yes
ac_cv_func_gethostname=yes
ac_cv_func_memmove=yes
ac_cv_func_memset=yes
ac_cv_func_rint=no
ac_cv_func_select=yes
ac_cv_func_select_args='int,fd_set *,struct timeval *'
ac_cv_func_setlocale=yes
ac_cv_func_socket=yes
ac_cv_func_sqrt=no
ac_cv_func_strchr=yes
ac_cv_func_strcspn=yes
ac_cv_func_strspn=yes
ac_cv_func_strstr=yes
ac_cv_func_vfork=yes
ac_cv_func_vfork_works=yes
ac_cv_header_dlfcn_h=yes
ac_cv_header_fcntl_h=yes
ac_cv_header_inttypes_h=yes
ac_cv_header_libintl_h=yes
ac_cv_header_limits_h=yes
ac_cv_header_locale_h=yes
ac_cv_header_memory_h=yes
ac_cv_header_netdb_h=yes
ac_cv_header_netinet_in_h=yes
ac_cv_header_stdc=yes
ac_cv_header_stdint_h=yes
ac_cv_header_stdlib_h=yes
ac_cv_header_string_h=yes
ac_cv_header_strings_h=yes
ac_cv_header_sys_select_h=yes
ac_cv_header_sys_socket_h=yes
ac_cv_header_sys_stat_h=yes
ac_cv_header_sys_types_h=yes
ac_cv_header_sys_wait_h=yes
ac_cv_header_syslog_h=yes
ac_cv_header_time=yes
ac_cv_header_unistd_h=yes
ac_cv_header_vfork_h=no
ac_cv_host=x86_64-unknown-linux-gnu
ac_cv_objext=o
ac_cv_path_EGREP='/bin/grep -E'
ac_cv_path_GMSGFMT=/usr/bin/gmsgfmt
ac_cv_path_GREP=/bin/grep
ac_cv_path_INTLTOOL_PERL=/usr/bin/perl
ac_cv_path_MSGFMT=/usr/bin/msgfmt
ac_cv_path_MSGMERGE=/usr/bin/msgmerge
ac_cv_path_SCROLLKEEPER_CONFIG=/usr/bin/scrollkeeper-config
ac_cv_path_XGETTEXT=/usr/bin/xgettext
ac_cv_path_ac_pt_PKG_CONFIG=/usr/bin/pkg-config
ac_cv_path_install='/usr/bin/install -c'
ac_cv_path_svg_renderer_path=/usr/bin/rsvg
ac_cv_prog_AWK=gawk
ac_cv_prog_CPP='gcc -E'
ac_cv_prog_CXXCPP='g++ -E'
ac_cv_prog_ac_ct_AR=ar
ac_cv_prog_ac_ct_CC=gcc
ac_cv_prog_ac_ct_CXX=g++
ac_cv_prog_ac_ct_F77=gfortran
ac_cv_prog_ac_ct_RANLIB=ranlib
ac_cv_prog_ac_ct_STRIP=strip
ac_cv_prog_cc_c89=
ac_cv_prog_cc_g=yes
ac_cv_prog_cc_gcc_c_o=yes
ac_cv_prog_cxx_g=yes
ac_cv_prog_f77_g=yes
ac_cv_prog_make_make_set=yes
ac_cv_struct_tm=time.h
ac_cv_type_pid_t=yes
ac_cv_type_size_t=yes
ac_cv_type_socklen_t=yes
am_cv_CC_dependencies_compiler_type=gcc3
am_cv_CXX_dependencies_compiler_type=gcc3
am_cv_val_LC_MESSAGES=yes
gt_cv_func_dgettext_libc=yes
gt_cv_func_dgettext_libintl=no
gt_cv_func_ngettext_libc=yes
gt_cv_have_gettext=yes
lt_cv_deplibs_check_method=pass_all
lt_cv_file_magic_cmd='$MAGIC_CMD'
lt_cv_file_magic_test_file=
lt_cv_ld_reload_flag=-r
lt_cv_objdir=.libs
lt_cv_path_LD=/usr/x86_64-pc-linux-gnu/bin/ld
lt_cv_path_LDCXX='/usr/x86_64-pc-linux-gnu/bin/ld -m elf_x86_64'
lt_cv_path_NM='/usr/bin/nm -B'
lt_cv_path_SED=/bin/sed
lt_cv_prog_compiler_c_o=yes
lt_cv_prog_compiler_c_o_CXX=yes
lt_cv_prog_compiler_c_o_F77=yes
lt_cv_prog_compiler_pic_works=yes
lt_cv_prog_compiler_pic_works_CXX=yes
lt_cv_prog_compiler_pic_works_F77=yes
lt_cv_prog_compiler_rtti_exceptions=no
lt_cv_prog_compiler_static_works=yes
lt_cv_prog_compiler_static_works_CXX=yes
lt_cv_prog_compiler_static_works_F77=yes
lt_cv_prog_gnu_ld=yes
lt_cv_prog_gnu_ldcxx=yes
lt_cv_sys_global_symbol_pipe='sed -n -e '\''s/^.*[ 	]\([ABCDGIRSTW][ABCDGIRSTW]*\)[ 	][ 	]*\([_A-Za-z][_A-Za-z0-9]*\)$/\1 \2 \2/p'\'''
lt_cv_sys_global_symbol_to_c_name_address='sed -n -e '\''s/^: \([^ ]*\) $/  {\"\1\", (lt_ptr) 0},/p'\'' -e '\''s/^[BCDEGRST] \([^ ]*\) \([^ ]*\)$/  {"\2", (lt_ptr) \&\2},/p'\'''
lt_cv_sys_global_symbol_to_cdecl='sed -n -e '\''s/^. .* \(.*\)$/extern int \1;/p'\'''
lt_cv_sys_lib_dlsearch_path_spec='/lib /usr/lib /usr/local/lib //usr/lib32/opengl/nvidia/lib //usr/lib64/opengl/nvidia/lib /lib /usr/lib /lib64 /usr/lib64 /usr/local/lib64 /lib32 /usr/lib32 /usr/local/lib32 /usr/x86_64-pc-linux-gnu/lib /usr/lib/gcc/x86_64-pc-linux-gnu/4.4.2 /usr/lib/gcc/x86_64-pc-linux-gnu/4.4.2/32 /usr/lib64/nspr /usr/lib64/nss /usr/lib64/xulrunner-1.9.1.3 /usr/lib/qt4 /usr/lib64/qt4 /usr/lib32/qt4 /usr/kde/3.5/lib32 /usr/kde/3.5/lib64 /usr/kde/3.5/lib /usr/qt/3/lib /usr/qt/3/lib64 /usr/qt/3/lib32 /opt/firefox /opt/thunderbird /usr/games/lib /usr/games/lib64 /usr/games/lib32 /opt/flash-libcompat /usr/lib32/libstdc++-v3/ '
lt_cv_sys_lib_search_path_spec='/usr/lib/gcc/x86_64-pc-linux-gnu/4.4.2 /usr/lib64 /lib64 /usr/x86_64-pc-linux-gnu/lib'
lt_cv_sys_max_cmd_len=1572864
lt_lt_cv_prog_compiler_c_o='"yes"'
lt_lt_cv_prog_compiler_c_o_CXX='"yes"'
lt_lt_cv_prog_compiler_c_o_F77='"yes"'
lt_lt_cv_sys_global_symbol_pipe='"sed -n -e '\''s/^.*[ 	]\\([ABCDGIRSTW][ABCDGIRSTW]*\\)[ 	][ 	]*\\([_A-Za-z][_A-Za-z0-9]*\\)\$/\\1 \\2 \\2/p'\''"'
lt_lt_cv_sys_global_symbol_to_c_name_address='"sed -n -e '\''s/^: \\([^ ]*\\) \$/  {\\\"\\1\\\", (lt_ptr) 0},/p'\'' -e '\''s/^[BCDEGRST] \\([^ ]*\\) \\([^ ]*\\)\$/  {\"\\2\", (lt_ptr) \\&\\2},/p'\''"'
lt_lt_cv_sys_global_symbol_to_cdecl='"sed -n -e '\''s/^. .* \\(.*\\)\$/extern int \\1;/p'\''"'
pkg_cv_GLIB2_CFLAGS='-I/usr/include/glib-2.0 -I/usr/lib64/glib-2.0/include  '
pkg_cv_GLIB2_LIBS='-lglib-2.0  '
pkg_cv_GNOME2_CFLAGS='-DORBIT2=1 -pthread -I/usr/include/libgnome-2.0 -I/usr/include/orbit-2.0 -I/usr/include/gconf/2 -I/usr/include/gnome-vfs-2.0 -I/usr/lib64/gnome-vfs-2.0/include -I/usr/include/glib-2.0 -I/usr/lib64/glib-2.0/include -I/usr/include/libbonobo-2.0 -I/usr/include/dbus-1.0 -I/usr/lib64/dbus-1.0/include -I/usr/include/bonobo-activation-2.0  '
pkg_cv_GNOME2_LIBS='-pthread -lgnome-2 -lpopt -lbonobo-2 -lbonobo-activation -lgmodule-2.0 -lORBit-2 -lgthread-2.0 -lrt -lgobject-2.0 -lglib-2.0  '
pkg_cv_GTK2_CFLAGS='-I/usr/include/gtk-2.0 -I/usr/lib64/gtk-2.0/include -I/usr/include/atk-1.0 -I/usr/include/cairo -I/usr/include/pango-1.0 -I/usr/include/glib-2.0 -I/usr/lib64/glib-2.0/include -I/usr/include/pixman-1 -I/usr/include/freetype2 -I/usr/include/libpng12  '
pkg_cv_GTK2_LIBS='-lgtk-x11-2.0 -lgdk-x11-2.0 -latk-1.0 -lgio-2.0 -lpangoft2-1.0 -lgdk_pixbuf-2.0 -lpangocairo-1.0 -lcairo -lpango-1.0 -lfreetype -lfontconfig -lgobject-2.0 -lgmodule-2.0 -lglib-2.0  '

## ----------------- ##
## Output variables. ##
## ----------------- ##

ACLOCAL='${SHELL} /home/jdenardo/settlers/pioneers-0.12.2/missing --run aclocal-1.9'
ADMIN_GTK_SUPPORT_FALSE=''
ADMIN_GTK_SUPPORT_TRUE='#'
ALL_LINGUAS=''
AMDEPBACKSLASH='\'
AMDEP_FALSE='#'
AMDEP_TRUE=''
AMTAR='${SHELL} /home/jdenardo/settlers/pioneers-0.12.2/missing --run tar'
AM_CFLAGS=''
AR='ar'
AUTOCONF='${SHELL} /home/jdenardo/settlers/pioneers-0.12.2/missing --run autoconf'
AUTOHEADER='${SHELL} /home/jdenardo/settlers/pioneers-0.12.2/missing --run autoheader'
AUTOMAKE='${SHELL} /home/jdenardo/settlers/pioneers-0.12.2/missing --run automake-1.9'
AWK='gawk'
BUILD_CLIENT_FALSE='#'
BUILD_CLIENT_TRUE=''
BUILD_EDITOR_FALSE='#'
BUILD_EDITOR_TRUE=''
BUILD_META_SERVER_FALSE='#'
BUILD_META_SERVER_TRUE=''
BUILD_SERVER_FALSE='#'
BUILD_SERVER_TRUE=''
CATALOGS=''
CATOBJEXT='.gmo'
CC='gcc'
CCDEPMODE='depmode=gcc3'
CFLAGS='-g -O2'
CPP='gcc -E'
CPPFLAGS=''
CREATE_WINDOWS_ICON_FALSE=''
CREATE_WINDOWS_ICON_TRUE='#'
CXX='g++'
CXXCPP='g++ -E'
CXXDEPMODE='depmode=gcc3'
CXXFLAGS='-g -O2'
CYGPATH_W='echo'
DATADIRNAME='share'
DEBUGGING=''
DEFS='-DHAVE_CONFIG_H'
DEPDIR='.deps'
DSYMUTIL=''
ECHO='echo'
ECHO_C=''
ECHO_N='-n'
ECHO_T=''
EGREP='/bin/grep -E'
EXEEXT=''
F77='gfortran'
FFLAGS='-g -O2'
GETTEXT_PACKAGE='pioneers'
GLIB2_CFLAGS='-I/usr/include/glib-2.0 -I/usr/lib64/glib-2.0/include  '
GLIB2_LIBS='-lglib-2.0  '
GLIB_DEPRECATION=''
GLIB_REQUIRED_VERSION='2.6'
GMOFILES=''
GMSGFMT='/usr/bin/gmsgfmt'
GNOME2_CFLAGS='-DORBIT2=1 -pthread -I/usr/include/libgnome-2.0 -I/usr/include/orbit-2.0 -I/usr/include/gconf/2 -I/usr/include/gnome-vfs-2.0 -I/usr/lib64/gnome-vfs-2.0/include -I/usr/include/glib-2.0 -I/usr/lib64/glib-2.0/include -I/usr/include/libbonobo-2.0 -I/usr/include/dbus-1.0 -I/usr/lib64/dbus-1.0/include -I/usr/include/bonobo-activation-2.0  '
GNOME2_LIBS='-pthread -lgnome-2 -lpopt -lbonobo-2 -lbonobo-activation -lgmodule-2.0 -lORBit-2 -lgthread-2.0 -lrt -lgobject-2.0 -lglib-2.0  '
GREP='/bin/grep'
GTK2_CFLAGS='-I/usr/include/gtk-2.0 -I/usr/lib64/gtk-2.0/include -I/usr/include/atk-1.0 -I/usr/include/cairo -I/usr/include/pango-1.0 -I/usr/include/glib-2.0 -I/usr/lib64/glib-2.0/include -I/usr/include/pixman-1 -I/usr/include/freetype2 -I/usr/include/libpng12  '
GTK2_LIBS='-lgtk-x11-2.0 -lgdk-x11-2.0 -latk-1.0 -lgio-2.0 -lpangoft2-1.0 -lgdk_pixbuf-2.0 -lpangocairo-1.0 -lcairo -lpango-1.0 -lfreetype -lfontconfig -lgobject-2.0 -lgmodule-2.0 -lglib-2.0  '
GTK_DEPRECATION=''
GTK_REQUIRED_VERSION='2.6'
HAVE_GNOME_FALSE='#'
HAVE_GNOME_TRUE=''
HAVE_GTK2_FALSE='#'
HAVE_GTK2_TRUE=''
HAVE_SCROLLKEEPER_FALSE='#'
HAVE_SCROLLKEEPER_TRUE=''
INSTALL_DATA='${INSTALL} -m 644'
INSTALL_PROGRAM='${INSTALL}'
INSTALL_SCRIPT='${INSTALL}'
INSTALL_STRIP_PROGRAM='${SHELL} $(install_sh) -c -s'
INSTOBJEXT='.mo'
INTLLIBS=''
INTLTOOL_CAVES_RULE='%.caves:     %.caves.in     $(INTLTOOL_MERGE) $(wildcard $(top_srcdir)/po/*.po) ; LC_ALL=C $(INTLTOOL_MERGE) -d -u -c $(top_builddir)/po/.intltool-merge-cache $(top_srcdir)/po $< $@'
INTLTOOL_DESKTOP_RULE='%.desktop:   %.desktop.in   $(INTLTOOL_MERGE) $(wildcard $(top_srcdir)/po/*.po) ; LC_ALL=C $(INTLTOOL_MERGE) -d -u -c $(top_builddir)/po/.intltool-merge-cache $(top_srcdir)/po $< $@'
INTLTOOL_DIRECTORY_RULE='%.directory: %.directory.in $(INTLTOOL_MERGE) $(wildcard $(top_srcdir)/po/*.po) ; LC_ALL=C $(INTLTOOL_MERGE) -d -u -c $(top_builddir)/po/.intltool-merge-cache $(top_srcdir)/po $< $@'
INTLTOOL_EXTRACT='$(top_builddir)/intltool-extract'
INTLTOOL_KBD_RULE='%.kbd:       %.kbd.in       $(INTLTOOL_MERGE) $(wildcard $(top_srcdir)/po/*.po) ; LC_ALL=C $(INTLTOOL_MERGE) -x -u -m -c $(top_builddir)/po/.intltool-merge-cache $(top_srcdir)/po $< $@'
INTLTOOL_KEYS_RULE='%.keys:      %.keys.in      $(INTLTOOL_MERGE) $(wildcard $(top_srcdir)/po/*.po) ; LC_ALL=C $(INTLTOOL_MERGE) -k -u -c $(top_builddir)/po/.intltool-merge-cache $(top_srcdir)/po $< $@'
INTLTOOL_MERGE='$(top_builddir)/intltool-merge'
INTLTOOL_OAF_RULE='%.oaf:       %.oaf.in       $(INTLTOOL_MERGE) $(wildcard $(top_srcdir)/po/*.po) ; LC_ALL=C $(INTLTOOL_MERGE) -o -p $(top_srcdir)/po $< $@'
INTLTOOL_PERL='/usr/bin/perl'
INTLTOOL_POLICY_RULE='%.policy:    %.policy.in    $(INTLTOOL_MERGE) $(wildcard $(top_srcdir)/po/*.po) ; LC_ALL=C $(INTLTOOL_MERGE) -x -u -c $(top_builddir)/po/.intltool-merge-cache $(top_srcdir)/po $< $@'
INTLTOOL_PONG_RULE='%.pong:      %.pong.in      $(INTLTOOL_MERGE) $(wildcard $(top_srcdir)/po/*.po) ; LC_ALL=C $(INTLTOOL_MERGE) -x -u -c $(top_builddir)/po/.intltool-merge-cache $(top_srcdir)/po $< $@'
INTLTOOL_PROP_RULE='%.prop:      %.prop.in      $(INTLTOOL_MERGE) $(wildcard $(top_srcdir)/po/*.po) ; LC_ALL=C $(INTLTOOL_MERGE) -d -u -c $(top_builddir)/po/.intltool-merge-cache $(top_srcdir)/po $< $@'
INTLTOOL_SCHEMAS_RULE='%.schemas:   %.schemas.in   $(INTLTOOL_MERGE) $(wildcard $(top_srcdir)/po/*.po) ; LC_ALL=C $(INTLTOOL_MERGE) -s -u -c $(top_builddir)/po/.intltool-merge-cache $(top_srcdir)/po $< $@'
INTLTOOL_SERVER_RULE='%.server:    %.server.in    $(INTLTOOL_MERGE) $(wildcard $(top_srcdir)/po/*.po) ; LC_ALL=C $(INTLTOOL_MERGE) -o -u -c $(top_builddir)/po/.intltool-merge-cache $(top_srcdir)/po $< $@'
INTLTOOL_SERVICE_RULE='%.service: %.service.in   $(INTLTOOL_MERGE) $(wildcard $(top_srcdir)/po/*.po) ; LC_ALL=C $(INTLTOOL_MERGE) -d -u -c $(top_builddir)/po/.intltool-merge-cache $(top_srcdir)/po $< $@'
INTLTOOL_SHEET_RULE='%.sheet:     %.sheet.in     $(INTLTOOL_MERGE) $(wildcard $(top_srcdir)/po/*.po) ; LC_ALL=C $(INTLTOOL_MERGE) -x -u -c $(top_builddir)/po/.intltool-merge-cache $(top_srcdir)/po $< $@'
INTLTOOL_SOUNDLIST_RULE='%.soundlist: %.soundlist.in $(INTLTOOL_MERGE) $(wildcard $(top_srcdir)/po/*.po) ; LC_ALL=C $(INTLTOOL_MERGE) -d -u -c $(top_builddir)/po/.intltool-merge-cache $(top_srcdir)/po $< $@'
INTLTOOL_THEME_RULE='%.theme:     %.theme.in     $(INTLTOOL_MERGE) $(wildcard $(top_srcdir)/po/*.po) ; LC_ALL=C $(INTLTOOL_MERGE) -d -u -c $(top_builddir)/po/.intltool-merge-cache $(top_srcdir)/po $< $@'
INTLTOOL_UI_RULE='%.ui:        %.ui.in        $(INTLTOOL_MERGE) $(wildcard $(top_srcdir)/po/*.po) ; LC_ALL=C $(INTLTOOL_MERGE) -x -u -c $(top_builddir)/po/.intltool-merge-cache $(top_srcdir)/po $< $@'
INTLTOOL_UPDATE='$(top_builddir)/intltool-update'
INTLTOOL_XAM_RULE='%.xam:       %.xml.in       $(INTLTOOL_MERGE) $(wildcard $(top_srcdir)/po/*.po) ; LC_ALL=C $(INTLTOOL_MERGE) -x -u -c $(top_builddir)/po/.intltool-merge-cache $(top_srcdir)/po $< $@'
INTLTOOL_XML_NOMERGE_RULE='%.xml:       %.xml.in       $(INTLTOOL_MERGE) ; LC_ALL=C $(INTLTOOL_MERGE) -x -u /tmp $< $@'
INTLTOOL_XML_RULE='%.xml:       %.xml.in       $(INTLTOOL_MERGE) $(wildcard $(top_srcdir)/po/*.po) ; LC_ALL=C $(INTLTOOL_MERGE) -x -u -c $(top_builddir)/po/.intltool-merge-cache $(top_srcdir)/po $< $@'
LDFLAGS=''
LIBOBJS=''
LIBS=''
LIBTOOL='$(SHELL) $(top_builddir)/libtool'
LN_S='ln -s'
LTLIBOBJS=''
MAINT='#'
MAINTAINER_MODE_FALSE=''
MAINTAINER_MODE_TRUE='#'
MAKEINFO='${SHELL} /home/jdenardo/settlers/pioneers-0.12.2/missing --run makeinfo'
MKINSTALLDIRS='./mkinstalldirs'
MSGFMT='/usr/bin/msgfmt'
MSGFMT_OPTS='-c'
MSGMERGE='/usr/bin/msgmerge'
NMEDIT=''
OBJEXT='o'
PACKAGE='pioneers'
PACKAGE_BUGREPORT='pio-develop@lists.sourceforge.net'
PACKAGE_NAME='pioneers'
PACKAGE_STRING='pioneers 0.12.2'
PACKAGE_TARNAME='pioneers'
PACKAGE_VERSION='0.12.2'
PATH_SEPARATOR=':'
PKG_CONFIG='/usr/bin/pkg-config'
POFILES=''
POSUB='po'
PO_IN_DATADIR_FALSE=''
PO_IN_DATADIR_TRUE=''
RANLIB='ranlib'
SCROLLKEEPER_CONFIG='/usr/bin/scrollkeeper-config'
SCROLLKEEPER_REQUIRED='0.3.8'
SED='/bin/sed'
SET_MAKE=''
SHELL='/bin/sh'
STRIP='strip'
USE_NLS='yes'
USE_WINDOWS_ICON_FALSE=''
USE_WINDOWS_ICON_TRUE='#'
VERSION='0.12.2'
WARNINGS=''
XGETTEXT='/usr/bin/xgettext'
ac_ct_CC='gcc'
ac_ct_CXX='g++'
ac_ct_F77='gfortran'
am__fastdepCC_FALSE='#'
am__fastdepCC_TRUE=''
am__fastdepCXX_FALSE='#'
am__fastdepCXX_TRUE=''
am__include='include'
am__leading_dot='.'
am__quote=''
am__tar='${AMTAR} chof - "$$tardir"'
am__untar='${AMTAR} xf -'
bindir='${exec_prefix}/bin'
build='x86_64-unknown-linux-gnu'
build_alias=''
build_cpu='x86_64'
build_os='linux-gnu'
build_vendor='unknown'
datadir='${datarootdir}'
datarootdir='${prefix}/share'
docdir='${datarootdir}/doc/${PACKAGE_TARNAME}'
dvidir='${docdir}'
exec_prefix='${prefix}'
host='x86_64-unknown-linux-gnu'
host_alias=''
host_cpu='x86_64'
host_os='linux-gnu'
host_vendor='unknown'
htmldir='${docdir}'
includedir='${prefix}/include'
infodir='${datarootdir}/info'
install_sh='/home/jdenardo/settlers/pioneers-0.12.2/install-sh'
libdir='${exec_prefix}/lib'
libexecdir='${exec_prefix}/libexec'
localedir='${datarootdir}/locale'
localstatedir='${prefix}/var'
mandir='${datarootdir}/man'
mkdir_p='mkdir -p --'
oldincludedir='/usr/include'
pdfdir='${docdir}'
pioneers_datadir='${datarootdir}'
pioneers_localedir='${datarootdir}/locale'
pioneers_themedir='${datarootdir}/games/pioneers/themes'
pioneers_themedir_embed='${datarootdir}/games/pioneers/themes'
pngtopnm='false'
prefix='/usr/local'
program_transform_name='s,x,x,'
psdir='${docdir}'
sbindir='${exec_prefix}/sbin'
sharedstatedir='${prefix}/com'
svg_renderer_height='$(whitespace_trick) --height $(whitespace_trick)'
svg_renderer_path='/usr/bin/rsvg'
svg_renderer_width='--width $(whitespace_trick)'
sysconfdir='${prefix}/etc'
target_alias=''
whitespace_trick=' '

## ----------- ##
## confdefs.h. ##
## ----------- ##

#define PACKAGE_NAME "pioneers"
#define PACKAGE_TARNAME "pioneers"
#define PACKAGE_VERSION "0.12.2"
#define PACKAGE_STRING "pioneers 0.12.2"
#define PACKAGE_BUGREPORT "pio-develop@lists.sourceforge.net"
#define PACKAGE "pioneers"
#define VERSION "0.12.2"
#define STDC_HEADERS 1
#define HAVE_SYS_TYPES_H 1
#define HAVE_SYS_STAT_H 1
#define HAVE_STDLIB_H 1
#define HAVE_STRING_H 1
#define HAVE_MEMORY_H 1
#define HAVE_STRINGS_H 1
#define HAVE_INTTYPES_H 1
#define HAVE_STDINT_H 1
#define HAVE_UNISTD_H 1
#define HAVE_DLFCN_H 1
#define STDC_HEADERS 1
#define HAVE_LIBGNOME 1
#define NETWORK_PROTOCOL AF_UNSPEC
#define HAVE_NETDB_H 1
#define HAVE_FCNTL_H 1
#define HAVE_NETINET_IN_H 1
#define HAVE_SYS_SOCKET_H 1
#define HAVE_LIMITS_H 1
#define HAVE_SYSLOG_H 1
#define HAVE_SYS_WAIT_H 1
#define TIME_WITH_SYS_TIME 1
#define HAVE_FORK 1
#define HAVE_VFORK 1
#define HAVE_WORKING_VFORK 1
#define HAVE_WORKING_FORK 1
#define HAVE_SYS_SELECT_H 1
#define HAVE_SYS_SOCKET_H 1
#define SELECT_TYPE_ARG1 int
#define SELECT_TYPE_ARG234 (fd_set *)
#define SELECT_TYPE_ARG5 (struct timeval *)
#define HAVE_STRCHR 1
#define HAVE_STRSPN 1
#define HAVE_STRSTR 1
#define HAVE_STRCSPN 1
#define HAVE_MEMMOVE 1
#define HAVE_MEMSET 1
#define HAVE_GETHOSTNAME 1
#define HAVE_GETHOSTBYNAME 1
#define HAVE_SELECT 1
#define HAVE_SOCKET 1
#define HAVE_GETADDRINFO 1
#define HAVE_GETADDRINFO_ET_AL 1
#define HAVE_GAI_STRERROR 1
#define HAVE_GETADDRINFO_ET_AL 1
#define HAVE_FREEADDRINFO 1
#define HAVE_GETADDRINFO_ET_AL 1
#define HAVE_FCNTL 1
#define GETSOCKOPT_ARG3 void *
#define HAVE_SETLOCALE 1
#define PROTOCOL_VERSION "0.12"
#define META_PROTOCOL_VERSION "1.3"
#define PIONEERS_DEFAULT_GAME_PORT "5556"
#define PIONEERS_DEFAULT_GAME_HOST "localhost"
#define PIONEERS_DEFAULT_ADMIN_PORT "5555"
#define PIONEERS_DEFAULT_META_PORT "5557"
#define PIONEERS_DEFAULT_META_SERVER "pioneers.debian.net"
#define GETTEXT_PACKAGE "pioneers"
#define HAVE_LOCALE_H 1
#define HAVE_LC_MESSAGES 1
#define HAVE_BIND_TEXTDOMAIN_CODESET 1
#define HAVE_GETTEXT 1
#define HAVE_DCGETTEXT 1
#define ENABLE_NLS 1
#define HAVE_HELP 1

configure: exit 0

## ---------------------- ##
## Running config.status. ##
## ---------------------- ##

This file was extended by pioneers config.status 0.12.2, which was
generated by GNU Autoconf 2.61.  Invocation command line was

  CONFIG_FILES    = 
  CONFIG_HEADERS  = 
  CONFIG_LINKS    = 
  CONFIG_COMMANDS = 
  $ ./config.status config.h

on jesse-denardo

config.status:766: creating config.h
config.status:1049: config.h is unchanged

## ---------------------- ##
## Running config.status. ##
## ---------------------- ##

This file was extended by pioneers config.status 0.12.2, which was
generated by GNU Autoconf 2.61.  Invocation command line was

  CONFIG_FILES    = po/Makefile.in
  CONFIG_HEADERS  = 
  CONFIG_LINKS    = 
  CONFIG_COMMANDS = 
  $ ./config.status 

on jesse-denardo

config.status:766: creating po/Makefile.in
config.status:1095: executing depfiles commands
config.status:1095: executing intltool commands
config.status:1095: executing default-1 commands
config.status:1095: executing po/stamp-it commands
